{"/Users/supercomputer/Documents/Projects/Fleetbo/SnapTask01/src/App.js": {"path":"/Users/supercomputer/Documents/Projects/Fleetbo/SnapTask01/src/App.js","statementMap":{"0":{"start":{"line":79,"column":15},"end":{"line":79,"column":24}},"1":{"start":{"line":80,"column":19},"end":{"line":80,"column":32}},"2":{"start":{"line":83,"column":4},"end":{"line":86,"column":42}},"3":{"start":{"line":88,"column":2},"end":{"line":93,"column":3}},"4":{"start":{"line":89,"column":22},"end":{"line":89,"column":50}},"5":{"start":{"line":90,"column":4},"end":{"line":92,"column":5}},"6":{"start":{"line":91,"column":6},"end":{"line":91,"column":36}},"7":{"start":{"line":95,"column":2},"end":{"line":155,"column":4}},"8":{"start":{"line":158,"column":27},"end":{"line":177,"column":1}},"9":{"start":{"line":159,"column":2},"end":{"line":176,"column":8}},"10":{"start":{"line":165,"column":74},"end":{"line":165,"column":98}},"11":{"start":{"line":180,"column":50},"end":{"line":180,"column":68}},"12":{"start":{"line":184,"column":24},"end":{"line":184,"column":63}},"13":{"start":{"line":186,"column":2},"end":{"line":188,"column":3}},"14":{"start":{"line":187,"column":4},"end":{"line":187,"column":26}},"15":{"start":{"line":190,"column":2},"end":{"line":192,"column":3}},"16":{"start":{"line":191,"column":4},"end":{"line":191,"column":62}},"17":{"start":{"line":194,"column":2},"end":{"line":198,"column":4}}},"fnMap":{"0":{"name":"AppContent","decl":{"start":{"line":77,"column":9},"end":{"line":77,"column":19}},"loc":{"start":{"line":77,"column":22},"end":{"line":156,"column":1}},"line":77},"1":{"name":"(anonymous_1)","decl":{"start":{"line":158,"column":27},"end":{"line":158,"column":28}},"loc":{"start":{"line":159,"column":2},"end":{"line":176,"column":8}},"line":159},"2":{"name":"(anonymous_2)","decl":{"start":{"line":165,"column":68},"end":{"line":165,"column":69}},"loc":{"start":{"line":165,"column":74},"end":{"line":165,"column":98}},"line":165},"3":{"name":"App","decl":{"start":{"line":179,"column":9},"end":{"line":179,"column":12}},"loc":{"start":{"line":179,"column":15},"end":{"line":199,"column":1}},"line":179}},"branchMap":{"0":{"loc":{"start":{"line":83,"column":4},"end":{"line":86,"column":42}},"type":"binary-expr","locations":[{"start":{"line":83,"column":4},"end":{"line":83,"column":35}},{"start":{"line":84,"column":4},"end":{"line":84,"column":43}},{"start":{"line":85,"column":4},"end":{"line":85,"column":40}},{"start":{"line":86,"column":4},"end":{"line":86,"column":42}}],"line":83},"1":{"loc":{"start":{"line":88,"column":2},"end":{"line":93,"column":3}},"type":"if","locations":[{"start":{"line":88,"column":2},"end":{"line":93,"column":3}},{"start":{},"end":{}}],"line":88},"2":{"loc":{"start":{"line":89,"column":22},"end":{"line":89,"column":50}},"type":"cond-expr","locations":[{"start":{"line":89,"column":29},"end":{"line":89,"column":43}},{"start":{"line":89,"column":46},"end":{"line":89,"column":50}}],"line":89},"3":{"loc":{"start":{"line":90,"column":4},"end":{"line":92,"column":5}},"type":"if","locations":[{"start":{"line":90,"column":4},"end":{"line":92,"column":5}},{"start":{},"end":{}}],"line":90},"4":{"loc":{"start":{"line":160,"column":5},"end":{"line":175,"column":5}},"type":"cond-expr","locations":[{"start":{"line":161,"column":6},"end":{"line":168,"column":9}},{"start":{"line":170,"column":6},"end":{"line":174,"column":9}}],"line":160},"5":{"loc":{"start":{"line":186,"column":2},"end":{"line":188,"column":3}},"type":"if","locations":[{"start":{"line":186,"column":2},"end":{"line":188,"column":3}},{"start":{},"end":{}}],"line":186},"6":{"loc":{"start":{"line":190,"column":2},"end":{"line":192,"column":3}},"type":"if","locations":[{"start":{"line":190,"column":2},"end":{"line":192,"column":3}},{"start":{},"end":{}}],"line":190}},"s":{"0":0,"1":0,"2":0,"3":0,"4":0,"5":0,"6":0,"7":0,"8":0,"9":0,"10":0,"11":0,"12":0,"13":0,"14":0,"15":0,"16":0,"17":0},"f":{"0":0,"1":0,"2":0,"3":0},"b":{"0":[0,0,0,0],"1":[0,0],"2":[0,0],"3":[0,0],"4":[0,0],"5":[0,0],"6":[0,0]}}
,"/Users/supercomputer/Documents/Projects/Fleetbo/SnapTask01/src/index.js": {"path":"/Users/supercomputer/Documents/Projects/Fleetbo/SnapTask01/src/index.js","statementMap":{"0":{"start":{"line":8,"column":20},"end":{"line":8,"column":51}},"1":{"start":{"line":9,"column":13},"end":{"line":9,"column":45}},"2":{"start":{"line":11,"column":0},"end":{"line":15,"column":2}},"3":{"start":{"line":17,"column":0},"end":{"line":17,"column":37}}},"fnMap":{},"branchMap":{},"s":{"0":0,"1":0,"2":0,"3":0},"f":{},"b":{}}
,"/Users/supercomputer/Documents/Projects/Fleetbo/SnapTask01/src/reportWebVitals.js": {"path":"/Users/supercomputer/Documents/Projects/Fleetbo/SnapTask01/src/reportWebVitals.js","statementMap":{"0":{"start":{"line":2,"column":24},"end":{"line":12,"column":1}},"1":{"start":{"line":3,"column":2},"end":{"line":11,"column":3}},"2":{"start":{"line":4,"column":4},"end":{"line":10,"column":7}},"3":{"start":{"line":5,"column":6},"end":{"line":5,"column":26}},"4":{"start":{"line":6,"column":6},"end":{"line":6,"column":26}},"5":{"start":{"line":7,"column":6},"end":{"line":7,"column":26}},"6":{"start":{"line":8,"column":6},"end":{"line":8,"column":26}},"7":{"start":{"line":9,"column":6},"end":{"line":9,"column":27}}},"fnMap":{"0":{"name":"(anonymous_0)","decl":{"start":{"line":2,"column":24},"end":{"line":2,"column":25}},"loc":{"start":{"line":2,"column":41},"end":{"line":12,"column":1}},"line":2},"1":{"name":"(anonymous_1)","decl":{"start":{"line":4,"column":30},"end":{"line":4,"column":31}},"loc":{"start":{"line":4,"column":79},"end":{"line":10,"column":5}},"line":4}},"branchMap":{"0":{"loc":{"start":{"line":3,"column":2},"end":{"line":11,"column":3}},"type":"if","locations":[{"start":{"line":3,"column":2},"end":{"line":11,"column":3}},{"start":{},"end":{}}],"line":3},"1":{"loc":{"start":{"line":3,"column":6},"end":{"line":3,"column":52}},"type":"binary-expr","locations":[{"start":{"line":3,"column":6},"end":{"line":3,"column":17}},{"start":{"line":3,"column":21},"end":{"line":3,"column":52}}],"line":3}},"s":{"0":0,"1":0,"2":0,"3":0,"4":0,"5":0,"6":0,"7":0},"f":{"0":0,"1":0},"b":{"0":[0,0],"1":[0,0]}}
,"/Users/supercomputer/Documents/Projects/Fleetbo/SnapTask01/src/serviceWorkerRegistration.js": {"path":"/Users/supercomputer/Documents/Projects/Fleetbo/SnapTask01/src/serviceWorkerRegistration.js","statementMap":{"0":{"start":{"line":12,"column":20},"end":{"line":18,"column":1}},"1":{"start":{"line":21,"column":2},"end":{"line":51,"column":3}},"2":{"start":{"line":23,"column":22},"end":{"line":23,"column":75}},"3":{"start":{"line":24,"column":4},"end":{"line":29,"column":5}},"4":{"start":{"line":28,"column":6},"end":{"line":28,"column":13}},"5":{"start":{"line":31,"column":4},"end":{"line":50,"column":7}},"6":{"start":{"line":32,"column":20},"end":{"line":32,"column":65}},"7":{"start":{"line":34,"column":6},"end":{"line":49,"column":7}},"8":{"start":{"line":36,"column":8},"end":{"line":36,"column":47}},"9":{"start":{"line":40,"column":8},"end":{"line":45,"column":11}},"10":{"start":{"line":41,"column":10},"end":{"line":44,"column":12}},"11":{"start":{"line":48,"column":8},"end":{"line":48,"column":39}},"12":{"start":{"line":55,"column":2},"end":{"line":95,"column":7}},"13":{"start":{"line":58,"column":6},"end":{"line":91,"column":8}},"14":{"start":{"line":59,"column":33},"end":{"line":59,"column":56}},"15":{"start":{"line":60,"column":8},"end":{"line":62,"column":9}},"16":{"start":{"line":61,"column":10},"end":{"line":61,"column":17}},"17":{"start":{"line":63,"column":8},"end":{"line":90,"column":10}},"18":{"start":{"line":64,"column":10},"end":{"line":89,"column":11}},"19":{"start":{"line":65,"column":12},"end":{"line":88,"column":13}},"20":{"start":{"line":69,"column":14},"end":{"line":72,"column":16}},"21":{"start":{"line":75,"column":14},"end":{"line":77,"column":15}},"22":{"start":{"line":76,"column":16},"end":{"line":76,"column":46}},"23":{"start":{"line":82,"column":14},"end":{"line":82,"column":64}},"24":{"start":{"line":85,"column":14},"end":{"line":87,"column":15}},"25":{"start":{"line":86,"column":16},"end":{"line":86,"column":47}},"26":{"start":{"line":94,"column":6},"end":{"line":94,"column":72}},"27":{"start":{"line":100,"column":2},"end":{"line":123,"column":7}},"28":{"start":{"line":105,"column":26},"end":{"line":105,"column":62}},"29":{"start":{"line":106,"column":6},"end":{"line":119,"column":7}},"30":{"start":{"line":111,"column":8},"end":{"line":115,"column":11}},"31":{"start":{"line":112,"column":10},"end":{"line":114,"column":13}},"32":{"start":{"line":113,"column":12},"end":{"line":113,"column":37}},"33":{"start":{"line":118,"column":8},"end":{"line":118,"column":39}},"34":{"start":{"line":122,"column":6},"end":{"line":122,"column":83}},"35":{"start":{"line":127,"column":2},"end":{"line":135,"column":3}},"36":{"start":{"line":128,"column":4},"end":{"line":134,"column":9}},"37":{"start":{"line":130,"column":8},"end":{"line":130,"column":34}},"38":{"start":{"line":133,"column":8},"end":{"line":133,"column":37}}},"fnMap":{"0":{"name":"register","decl":{"start":{"line":20,"column":16},"end":{"line":20,"column":24}},"loc":{"start":{"line":20,"column":33},"end":{"line":52,"column":1}},"line":20},"1":{"name":"(anonymous_1)","decl":{"start":{"line":31,"column":36},"end":{"line":31,"column":37}},"loc":{"start":{"line":31,"column":42},"end":{"line":50,"column":5}},"line":31},"2":{"name":"(anonymous_2)","decl":{"start":{"line":40,"column":43},"end":{"line":40,"column":44}},"loc":{"start":{"line":40,"column":49},"end":{"line":45,"column":9}},"line":40},"3":{"name":"registerValidSW","decl":{"start":{"line":54,"column":9},"end":{"line":54,"column":24}},"loc":{"start":{"line":54,"column":40},"end":{"line":96,"column":1}},"line":54},"4":{"name":"(anonymous_4)","decl":{"start":{"line":57,"column":10},"end":{"line":57,"column":11}},"loc":{"start":{"line":57,"column":28},"end":{"line":92,"column":5}},"line":57},"5":{"name":"(anonymous_5)","decl":{"start":{"line":58,"column":35},"end":{"line":58,"column":36}},"loc":{"start":{"line":58,"column":41},"end":{"line":91,"column":7}},"line":58},"6":{"name":"(anonymous_6)","decl":{"start":{"line":63,"column":41},"end":{"line":63,"column":42}},"loc":{"start":{"line":63,"column":47},"end":{"line":90,"column":9}},"line":63},"7":{"name":"(anonymous_7)","decl":{"start":{"line":93,"column":11},"end":{"line":93,"column":12}},"loc":{"start":{"line":93,"column":22},"end":{"line":95,"column":5}},"line":93},"8":{"name":"checkValidServiceWorker","decl":{"start":{"line":98,"column":9},"end":{"line":98,"column":32}},"loc":{"start":{"line":98,"column":48},"end":{"line":124,"column":1}},"line":98},"9":{"name":"(anonymous_9)","decl":{"start":{"line":103,"column":10},"end":{"line":103,"column":11}},"loc":{"start":{"line":103,"column":24},"end":{"line":120,"column":5}},"line":103},"10":{"name":"(anonymous_10)","decl":{"start":{"line":111,"column":43},"end":{"line":111,"column":44}},"loc":{"start":{"line":111,"column":61},"end":{"line":115,"column":9}},"line":111},"11":{"name":"(anonymous_11)","decl":{"start":{"line":112,"column":41},"end":{"line":112,"column":42}},"loc":{"start":{"line":112,"column":47},"end":{"line":114,"column":11}},"line":112},"12":{"name":"(anonymous_12)","decl":{"start":{"line":121,"column":11},"end":{"line":121,"column":12}},"loc":{"start":{"line":121,"column":17},"end":{"line":123,"column":5}},"line":121},"13":{"name":"unregister","decl":{"start":{"line":126,"column":16},"end":{"line":126,"column":26}},"loc":{"start":{"line":126,"column":29},"end":{"line":136,"column":1}},"line":126},"14":{"name":"(anonymous_14)","decl":{"start":{"line":129,"column":12},"end":{"line":129,"column":13}},"loc":{"start":{"line":129,"column":30},"end":{"line":131,"column":7}},"line":129},"15":{"name":"(anonymous_15)","decl":{"start":{"line":132,"column":13},"end":{"line":132,"column":14}},"loc":{"start":{"line":132,"column":24},"end":{"line":134,"column":7}},"line":132}},"branchMap":{"0":{"loc":{"start":{"line":13,"column":2},"end":{"line":17,"column":92}},"type":"binary-expr","locations":[{"start":{"line":13,"column":2},"end":{"line":13,"column":42}},{"start":{"line":15,"column":4},"end":{"line":15,"column":40}},{"start":{"line":17,"column":4},"end":{"line":17,"column":92}}],"line":13},"1":{"loc":{"start":{"line":21,"column":2},"end":{"line":51,"column":3}},"type":"if","locations":[{"start":{"line":21,"column":2},"end":{"line":51,"column":3}},{"start":{},"end":{}}],"line":21},"2":{"loc":{"start":{"line":21,"column":6},"end":{"line":21,"column":75}},"type":"binary-expr","locations":[{"start":{"line":21,"column":6},"end":{"line":21,"column":43}},{"start":{"line":21,"column":47},"end":{"line":21,"column":75}}],"line":21},"3":{"loc":{"start":{"line":24,"column":4},"end":{"line":29,"column":5}},"type":"if","locations":[{"start":{"line":24,"column":4},"end":{"line":29,"column":5}},{"start":{},"end":{}}],"line":24},"4":{"loc":{"start":{"line":34,"column":6},"end":{"line":49,"column":7}},"type":"if","locations":[{"start":{"line":34,"column":6},"end":{"line":49,"column":7}},{"start":{"line":46,"column":13},"end":{"line":49,"column":7}}],"line":34},"5":{"loc":{"start":{"line":60,"column":8},"end":{"line":62,"column":9}},"type":"if","locations":[{"start":{"line":60,"column":8},"end":{"line":62,"column":9}},{"start":{},"end":{}}],"line":60},"6":{"loc":{"start":{"line":64,"column":10},"end":{"line":89,"column":11}},"type":"if","locations":[{"start":{"line":64,"column":10},"end":{"line":89,"column":11}},{"start":{},"end":{}}],"line":64},"7":{"loc":{"start":{"line":65,"column":12},"end":{"line":88,"column":13}},"type":"if","locations":[{"start":{"line":65,"column":12},"end":{"line":88,"column":13}},{"start":{"line":78,"column":19},"end":{"line":88,"column":13}}],"line":65},"8":{"loc":{"start":{"line":75,"column":14},"end":{"line":77,"column":15}},"type":"if","locations":[{"start":{"line":75,"column":14},"end":{"line":77,"column":15}},{"start":{},"end":{}}],"line":75},"9":{"loc":{"start":{"line":75,"column":18},"end":{"line":75,"column":43}},"type":"binary-expr","locations":[{"start":{"line":75,"column":18},"end":{"line":75,"column":24}},{"start":{"line":75,"column":28},"end":{"line":75,"column":43}}],"line":75},"10":{"loc":{"start":{"line":85,"column":14},"end":{"line":87,"column":15}},"type":"if","locations":[{"start":{"line":85,"column":14},"end":{"line":87,"column":15}},{"start":{},"end":{}}],"line":85},"11":{"loc":{"start":{"line":85,"column":18},"end":{"line":85,"column":44}},"type":"binary-expr","locations":[{"start":{"line":85,"column":18},"end":{"line":85,"column":24}},{"start":{"line":85,"column":28},"end":{"line":85,"column":44}}],"line":85},"12":{"loc":{"start":{"line":106,"column":6},"end":{"line":119,"column":7}},"type":"if","locations":[{"start":{"line":106,"column":6},"end":{"line":119,"column":7}},{"start":{"line":116,"column":13},"end":{"line":119,"column":7}}],"line":106},"13":{"loc":{"start":{"line":107,"column":8},"end":{"line":108,"column":73}},"type":"binary-expr","locations":[{"start":{"line":107,"column":8},"end":{"line":107,"column":31}},{"start":{"line":108,"column":9},"end":{"line":108,"column":28}},{"start":{"line":108,"column":32},"end":{"line":108,"column":72}}],"line":107},"14":{"loc":{"start":{"line":127,"column":2},"end":{"line":135,"column":3}},"type":"if","locations":[{"start":{"line":127,"column":2},"end":{"line":135,"column":3}},{"start":{},"end":{}}],"line":127}},"s":{"0":0,"1":0,"2":0,"3":0,"4":0,"5":0,"6":0,"7":0,"8":0,"9":0,"10":0,"11":0,"12":0,"13":0,"14":0,"15":0,"16":0,"17":0,"18":0,"19":0,"20":0,"21":0,"22":0,"23":0,"24":0,"25":0,"26":0,"27":0,"28":0,"29":0,"30":0,"31":0,"32":0,"33":0,"34":0,"35":0,"36":0,"37":0,"38":0},"f":{"0":0,"1":0,"2":0,"3":0,"4":0,"5":0,"6":0,"7":0,"8":0,"9":0,"10":0,"11":0,"12":0,"13":0,"14":0,"15":0},"b":{"0":[0,0,0],"1":[0,0],"2":[0,0],"3":[0,0],"4":[0,0],"5":[0,0],"6":[0,0],"7":[0,0],"8":[0,0],"9":[0,0],"10":[0,0],"11":[0,0],"12":[0,0],"13":[0,0,0],"14":[0,0]}}
,"/Users/supercomputer/Documents/Projects/Fleetbo/SnapTask01/src/@fleetbo/constants.js": {"path":"/Users/supercomputer/Documents/Projects/Fleetbo/SnapTask01/src/@fleetbo/constants.js","statementMap":{"0":{"start":{"line":6,"column":27},"end":{"line":10,"column":1}},"1":{"start":{"line":12,"column":22},"end":{"line":36,"column":1}},"2":{"start":{"line":38,"column":21},"end":{"line":47,"column":1}}},"fnMap":{},"branchMap":{},"s":{"0":0,"1":0,"2":0},"f":{},"b":{}}
,"/Users/supercomputer/Documents/Projects/Fleetbo/SnapTask01/src/@fleetbo/index.js": {"path":"/Users/supercomputer/Documents/Projects/Fleetbo/SnapTask01/src/@fleetbo/index.js","statementMap":{},"fnMap":{},"branchMap":{},"s":{},"f":{},"b":{}}
,"/Users/supercomputer/Documents/Projects/Fleetbo/SnapTask01/src/@fleetbo/components/common/Loader.jsx": {"path":"/Users/supercomputer/Documents/Projects/Fleetbo/SnapTask01/src/@fleetbo/components/common/Loader.jsx","statementMap":{"0":{"start":{"line":4,"column":15},"end":{"line":43,"column":1}},"1":{"start":{"line":6,"column":24},"end":{"line":6,"column":27}},"2":{"start":{"line":8,"column":2},"end":{"line":42,"column":4}},"3":{"start":{"line":11,"column":8},"end":{"line":39,"column":14}}},"fnMap":{"0":{"name":"(anonymous_0)","decl":{"start":{"line":4,"column":15},"end":{"line":4,"column":16}},"loc":{"start":{"line":4,"column":21},"end":{"line":43,"column":1}},"line":4},"1":{"name":"(anonymous_1)","decl":{"start":{"line":10,"column":25},"end":{"line":10,"column":26}},"loc":{"start":{"line":11,"column":8},"end":{"line":39,"column":14}},"line":11}},"branchMap":{},"s":{"0":0,"1":0,"2":0,"3":0},"f":{"0":0,"1":0},"b":{}}
,"/Users/supercomputer/Documents/Projects/Fleetbo/SnapTask01/src/@fleetbo/components/common/PageConfig.js": {"path":"/Users/supercomputer/Documents/Projects/Fleetbo/SnapTask01/src/@fleetbo/components/common/PageConfig.js","statementMap":{"0":{"start":{"line":5,"column":19},"end":{"line":19,"column":1}},"1":{"start":{"line":6,"column":21},"end":{"line":6,"column":34}},"2":{"start":{"line":7,"column":4},"end":{"line":17,"column":27}},"3":{"start":{"line":8,"column":22},"end":{"line":8,"column":39}},"4":{"start":{"line":9,"column":26},"end":{"line":9,"column":42}},"5":{"start":{"line":11,"column":8},"end":{"line":13,"column":9}},"6":{"start":{"line":12,"column":12},"end":{"line":12,"column":33}},"7":{"start":{"line":14,"column":8},"end":{"line":16,"column":9}},"8":{"start":{"line":15,"column":12},"end":{"line":15,"column":55}},"9":{"start":{"line":18,"column":4},"end":{"line":18,"column":16}}},"fnMap":{"0":{"name":"(anonymous_0)","decl":{"start":{"line":5,"column":19},"end":{"line":5,"column":20}},"loc":{"start":{"line":5,"column":35},"end":{"line":19,"column":1}},"line":5},"1":{"name":"(anonymous_1)","decl":{"start":{"line":7,"column":14},"end":{"line":7,"column":15}},"loc":{"start":{"line":7,"column":20},"end":{"line":17,"column":5}},"line":7}},"branchMap":{"0":{"loc":{"start":{"line":9,"column":26},"end":{"line":9,"column":42}},"type":"binary-expr","locations":[{"start":{"line":9,"column":26},"end":{"line":9,"column":32}},{"start":{"line":9,"column":36},"end":{"line":9,"column":42}}],"line":9},"1":{"loc":{"start":{"line":11,"column":8},"end":{"line":13,"column":9}},"type":"if","locations":[{"start":{"line":11,"column":8},"end":{"line":13,"column":9}},{"start":{},"end":{}}],"line":11},"2":{"loc":{"start":{"line":11,"column":12},"end":{"line":11,"column":63}},"type":"binary-expr","locations":[{"start":{"line":11,"column":12},"end":{"line":11,"column":34}},{"start":{"line":11,"column":38},"end":{"line":11,"column":63}}],"line":11},"3":{"loc":{"start":{"line":14,"column":8},"end":{"line":16,"column":9}},"type":"if","locations":[{"start":{"line":14,"column":8},"end":{"line":16,"column":9}},{"start":{},"end":{}}],"line":14},"4":{"loc":{"start":{"line":14,"column":12},"end":{"line":14,"column":81}},"type":"binary-expr","locations":[{"start":{"line":14,"column":12},"end":{"line":14,"column":26}},{"start":{"line":14,"column":30},"end":{"line":14,"column":81}}],"line":14}},"s":{"0":0,"1":0,"2":0,"3":0,"4":0,"5":0,"6":0,"7":0,"8":0,"9":0},"f":{"0":0,"1":0},"b":{"0":[0,0],"1":[0,0],"2":[0,0],"3":[0,0],"4":[0,0]}}
,"/Users/supercomputer/Documents/Projects/Fleetbo/SnapTask01/src/@fleetbo/components/layout/Navigation.js": {"path":"/Users/supercomputer/Documents/Projects/Fleetbo/SnapTask01/src/@fleetbo/components/layout/Navigation.js","statementMap":{"0":{"start":{"line":4,"column":23},"end":{"line":4,"column":45}}},"fnMap":{},"branchMap":{},"s":{"0":0},"f":{},"b":{}}
,"/Users/supercomputer/Documents/Projects/Fleetbo/SnapTask01/src/@fleetbo/components/layout/ProtectedLayout.js": {"path":"/Users/supercomputer/Documents/Projects/Fleetbo/SnapTask01/src/@fleetbo/components/layout/ProtectedLayout.js","statementMap":{"0":{"start":{"line":5,"column":24},"end":{"line":13,"column":1}},"1":{"start":{"line":6,"column":4},"end":{"line":12,"column":6}}},"fnMap":{"0":{"name":"(anonymous_0)","decl":{"start":{"line":5,"column":24},"end":{"line":5,"column":25}},"loc":{"start":{"line":5,"column":30},"end":{"line":13,"column":1}},"line":5}},"branchMap":{},"s":{"0":0,"1":0},"f":{"0":0},"b":{}}
,"/Users/supercomputer/Documents/Projects/Fleetbo/SnapTask01/src/@fleetbo/components/layout/ProtectedRoute.js": {"path":"/Users/supercomputer/Documents/Projects/Fleetbo/SnapTask01/src/@fleetbo/components/layout/ProtectedRoute.js","statementMap":{"0":{"start":{"line":7,"column":38},"end":{"line":13,"column":1}},"1":{"start":{"line":8,"column":38},"end":{"line":8,"column":47}},"2":{"start":{"line":9,"column":38},"end":{"line":9,"column":51}},"3":{"start":{"line":10,"column":4},"end":{"line":10,"column":35}},"4":{"start":{"line":10,"column":21},"end":{"line":10,"column":33}},"5":{"start":{"line":11,"column":4},"end":{"line":11,"column":93}},"6":{"start":{"line":11,"column":24},"end":{"line":11,"column":91}},"7":{"start":{"line":12,"column":4},"end":{"line":12,"column":20}}},"fnMap":{"0":{"name":"(anonymous_0)","decl":{"start":{"line":7,"column":38},"end":{"line":7,"column":39}},"loc":{"start":{"line":7,"column":56},"end":{"line":13,"column":1}},"line":7}},"branchMap":{"0":{"loc":{"start":{"line":10,"column":4},"end":{"line":10,"column":35}},"type":"if","locations":[{"start":{"line":10,"column":4},"end":{"line":10,"column":35}},{"start":{},"end":{}}],"line":10},"1":{"loc":{"start":{"line":11,"column":4},"end":{"line":11,"column":93}},"type":"if","locations":[{"start":{"line":11,"column":4},"end":{"line":11,"column":93}},{"start":{},"end":{}}],"line":11}},"s":{"0":0,"1":0,"2":0,"3":0,"4":0,"5":0,"6":0,"7":0},"f":{"0":0},"b":{"0":[0,0],"1":[0,0]}}
,"/Users/supercomputer/Documents/Projects/Fleetbo/SnapTask01/src/@fleetbo/config/fleetboConfig.js": {"path":"/Users/supercomputer/Documents/Projects/Fleetbo/SnapTask01/src/@fleetbo/config/fleetboConfig.js","statementMap":{"0":{"start":{"line":3,"column":28},"end":{"line":3,"column":64}},"1":{"start":{"line":4,"column":28},"end":{"line":4,"column":63}}},"fnMap":{},"branchMap":{},"s":{"0":0,"1":0},"f":{},"b":{}}
,"/Users/supercomputer/Documents/Projects/Fleetbo/SnapTask01/src/@fleetbo/config/fleetboEngine.js": {"path":"/Users/supercomputer/Documents/Projects/Fleetbo/SnapTask01/src/@fleetbo/config/fleetboEngine.js","statementMap":{"0":{"start":{"line":1,"column":30},"end":{"line":33,"column":2}},"1":{"start":{"line":35,"column":26},"end":{"line":35,"column":75}},"2":{"start":{"line":38,"column":4},"end":{"line":40,"column":5}},"3":{"start":{"line":39,"column":8},"end":{"line":39,"column":82}},"4":{"start":{"line":41,"column":4},"end":{"line":43,"column":5}},"5":{"start":{"line":42,"column":8},"end":{"line":42,"column":85}},"6":{"start":{"line":44,"column":4},"end":{"line":46,"column":5}},"7":{"start":{"line":45,"column":8},"end":{"line":45,"column":88}},"8":{"start":{"line":47,"column":4},"end":{"line":49,"column":5}},"9":{"start":{"line":48,"column":8},"end":{"line":48,"column":77}},"10":{"start":{"line":50,"column":4},"end":{"line":50,"column":42}},"11":{"start":{"line":54,"column":4},"end":{"line":54,"column":82}},"12":{"start":{"line":55,"column":4},"end":{"line":65,"column":7}},"13":{"start":{"line":56,"column":8},"end":{"line":64,"column":16}},"14":{"start":{"line":57,"column":27},"end":{"line":61,"column":13}},"15":{"start":{"line":62,"column":12},"end":{"line":62,"column":69}},"16":{"start":{"line":63,"column":12},"end":{"line":63,"column":28}},"17":{"start":{"line":69,"column":4},"end":{"line":69,"column":77}},"18":{"start":{"line":71,"column":29},"end":{"line":71,"column":55}},"19":{"start":{"line":72,"column":4},"end":{"line":75,"column":5}},"20":{"start":{"line":73,"column":8},"end":{"line":73,"column":84}},"21":{"start":{"line":74,"column":8},"end":{"line":74,"column":83}},"22":{"start":{"line":77,"column":4},"end":{"line":84,"column":7}},"23":{"start":{"line":78,"column":8},"end":{"line":83,"column":17}},"24":{"start":{"line":79,"column":12},"end":{"line":79,"column":72}},"25":{"start":{"line":80,"column":12},"end":{"line":80,"column":56}},"26":{"start":{"line":81,"column":12},"end":{"line":81,"column":101}},"27":{"start":{"line":82,"column":12},"end":{"line":82,"column":96}},"28":{"start":{"line":88,"column":4},"end":{"line":88,"column":84}},"29":{"start":{"line":89,"column":4},"end":{"line":89,"column":59}}},"fnMap":{"0":{"name":"_validateConfig","decl":{"start":{"line":37,"column":9},"end":{"line":37,"column":24}},"loc":{"start":{"line":37,"column":33},"end":{"line":51,"column":1}},"line":37},"1":{"name":"getEngineStatus","decl":{"start":{"line":53,"column":9},"end":{"line":53,"column":24}},"loc":{"start":{"line":53,"column":27},"end":{"line":66,"column":1}},"line":53},"2":{"name":"(anonymous_2)","decl":{"start":{"line":55,"column":23},"end":{"line":55,"column":24}},"loc":{"start":{"line":55,"column":34},"end":{"line":65,"column":5}},"line":55},"3":{"name":"(anonymous_3)","decl":{"start":{"line":56,"column":19},"end":{"line":56,"column":20}},"loc":{"start":{"line":56,"column":25},"end":{"line":64,"column":9}},"line":56},"4":{"name":"applyEngineConfiguration","decl":{"start":{"line":68,"column":9},"end":{"line":68,"column":33}},"loc":{"start":{"line":68,"column":45},"end":{"line":85,"column":1}},"line":68},"5":{"name":"(anonymous_5)","decl":{"start":{"line":77,"column":23},"end":{"line":77,"column":24}},"loc":{"start":{"line":77,"column":36},"end":{"line":84,"column":5}},"line":77},"6":{"name":"(anonymous_6)","decl":{"start":{"line":78,"column":19},"end":{"line":78,"column":20}},"loc":{"start":{"line":78,"column":25},"end":{"line":83,"column":9}},"line":78},"7":{"name":"resetToDefaults","decl":{"start":{"line":87,"column":9},"end":{"line":87,"column":24}},"loc":{"start":{"line":87,"column":27},"end":{"line":90,"column":1}},"line":87}},"branchMap":{"0":{"loc":{"start":{"line":38,"column":4},"end":{"line":40,"column":5}},"type":"if","locations":[{"start":{"line":38,"column":4},"end":{"line":40,"column":5}},{"start":{},"end":{}}],"line":38},"1":{"loc":{"start":{"line":38,"column":8},"end":{"line":38,"column":45}},"type":"binary-expr","locations":[{"start":{"line":38,"column":8},"end":{"line":38,"column":15}},{"start":{"line":38,"column":19},"end":{"line":38,"column":45}}],"line":38},"2":{"loc":{"start":{"line":41,"column":4},"end":{"line":43,"column":5}},"type":"if","locations":[{"start":{"line":41,"column":4},"end":{"line":43,"column":5}},{"start":{},"end":{}}],"line":41},"3":{"loc":{"start":{"line":41,"column":8},"end":{"line":41,"column":60}},"type":"binary-expr","locations":[{"start":{"line":41,"column":8},"end":{"line":41,"column":20}},{"start":{"line":41,"column":24},"end":{"line":41,"column":60}}],"line":41},"4":{"loc":{"start":{"line":44,"column":4},"end":{"line":46,"column":5}},"type":"if","locations":[{"start":{"line":44,"column":4},"end":{"line":46,"column":5}},{"start":{},"end":{}}],"line":44},"5":{"loc":{"start":{"line":47,"column":4},"end":{"line":49,"column":5}},"type":"if","locations":[{"start":{"line":47,"column":4},"end":{"line":49,"column":5}},{"start":{},"end":{}}],"line":47},"6":{"loc":{"start":{"line":72,"column":4},"end":{"line":75,"column":5}},"type":"if","locations":[{"start":{"line":72,"column":4},"end":{"line":75,"column":5}},{"start":{},"end":{}}],"line":72}},"s":{"0":0,"1":0,"2":0,"3":0,"4":0,"5":0,"6":0,"7":0,"8":0,"9":0,"10":0,"11":0,"12":0,"13":0,"14":0,"15":0,"16":0,"17":0,"18":0,"19":0,"20":0,"21":0,"22":0,"23":0,"24":0,"25":0,"26":0,"27":0,"28":0,"29":0},"f":{"0":0,"1":0,"2":0,"3":0,"4":0,"5":0,"6":0,"7":0},"b":{"0":[0,0],"1":[0,0],"2":[0,0],"3":[0,0],"4":[0,0],"5":[0,0],"6":[0,0]}}
,"/Users/supercomputer/Documents/Projects/Fleetbo/SnapTask01/src/@fleetbo/config/systemProtocol.js": {"path":"/Users/supercomputer/Documents/Projects/Fleetbo/SnapTask01/src/@fleetbo/config/systemProtocol.js","statementMap":{"0":{"start":{"line":1,"column":30},"end":{"line":221,"column":4}},"1":{"start":{"line":3,"column":21},"end":{"line":81,"column":5}},"2":{"start":{"line":83,"column":28},"end":{"line":83,"column":30}},"3":{"start":{"line":84,"column":25},"end":{"line":84,"column":28}},"4":{"start":{"line":85,"column":30},"end":{"line":85,"column":34}},"5":{"start":{"line":88,"column":26},"end":{"line":88,"column":50}},"6":{"start":{"line":89,"column":25},"end":{"line":89,"column":62}},"7":{"start":{"line":90,"column":8},"end":{"line":90,"column":44}},"8":{"start":{"line":91,"column":8},"end":{"line":91,"column":77}},"9":{"start":{"line":91,"column":53},"end":{"line":91,"column":77}},"10":{"start":{"line":95,"column":20},"end":{"line":95,"column":69}},"11":{"start":{"line":96,"column":19},"end":{"line":96,"column":20}},"12":{"start":{"line":97,"column":8},"end":{"line":97,"column":45}},"13":{"start":{"line":97,"column":30},"end":{"line":97,"column":45}},"14":{"start":{"line":98,"column":8},"end":{"line":102,"column":9}},"15":{"start":{"line":98,"column":21},"end":{"line":98,"column":22}},"16":{"start":{"line":99,"column":25},"end":{"line":99,"column":42}},"17":{"start":{"line":100,"column":12},"end":{"line":100,"column":47}},"18":{"start":{"line":101,"column":12},"end":{"line":101,"column":31}},"19":{"start":{"line":103,"column":8},"end":{"line":103,"column":52}},"20":{"start":{"line":107,"column":25},"end":{"line":107,"column":47}},"21":{"start":{"line":108,"column":8},"end":{"line":108,"column":35}},"22":{"start":{"line":108,"column":23},"end":{"line":108,"column":35}},"23":{"start":{"line":109,"column":21},"end":{"line":109,"column":80}},"24":{"start":{"line":110,"column":20},"end":{"line":110,"column":30}},"25":{"start":{"line":111,"column":8},"end":{"line":113,"column":9}},"26":{"start":{"line":111,"column":18},"end":{"line":111,"column":19}},"27":{"start":{"line":112,"column":12},"end":{"line":112,"column":65}},"28":{"start":{"line":114,"column":8},"end":{"line":114,"column":35}},"29":{"start":{"line":118,"column":8},"end":{"line":118,"column":80}},"30":{"start":{"line":119,"column":30},"end":{"line":119,"column":92}},"31":{"start":{"line":119,"column":65},"end":{"line":119,"column":90}},"32":{"start":{"line":120,"column":8},"end":{"line":120,"column":57}},"33":{"start":{"line":124,"column":8},"end":{"line":127,"column":9}},"34":{"start":{"line":125,"column":12},"end":{"line":125,"column":80}},"35":{"start":{"line":126,"column":12},"end":{"line":126,"column":93}},"36":{"start":{"line":128,"column":8},"end":{"line":128,"column":89}},"37":{"start":{"line":129,"column":8},"end":{"line":129,"column":20}},"38":{"start":{"line":133,"column":30},"end":{"line":133,"column":52}},"39":{"start":{"line":134,"column":8},"end":{"line":137,"column":9}},"40":{"start":{"line":135,"column":12},"end":{"line":135,"column":96}},"41":{"start":{"line":136,"column":12},"end":{"line":136,"column":81}},"42":{"start":{"line":138,"column":8},"end":{"line":138,"column":98}},"43":{"start":{"line":140,"column":8},"end":{"line":151,"column":11}},"44":{"start":{"line":141,"column":29},"end":{"line":141,"column":51}},"45":{"start":{"line":142,"column":12},"end":{"line":145,"column":13}},"46":{"start":{"line":143,"column":16},"end":{"line":143,"column":95}},"47":{"start":{"line":144,"column":16},"end":{"line":144,"column":82}},"48":{"start":{"line":146,"column":12},"end":{"line":150,"column":42}},"49":{"start":{"line":147,"column":16},"end":{"line":147,"column":44}},"50":{"start":{"line":148,"column":16},"end":{"line":148,"column":97}},"51":{"start":{"line":149,"column":16},"end":{"line":149,"column":108}},"52":{"start":{"line":155,"column":8},"end":{"line":155,"column":82}},"53":{"start":{"line":156,"column":8},"end":{"line":175,"column":11}},"54":{"start":{"line":157,"column":36},"end":{"line":157,"column":108}},"55":{"start":{"line":157,"column":73},"end":{"line":157,"column":107}},"56":{"start":{"line":158,"column":35},"end":{"line":158,"column":45}},"57":{"start":{"line":159,"column":12},"end":{"line":174,"column":44}},"58":{"start":{"line":160,"column":36},"end":{"line":160,"column":63}},"59":{"start":{"line":161,"column":16},"end":{"line":161,"column":103}},"60":{"start":{"line":161,"column":48},"end":{"line":161,"column":99}},"61":{"start":{"line":162,"column":31},"end":{"line":170,"column":17}},"62":{"start":{"line":167,"column":86},"end":{"line":167,"column":100}},"63":{"start":{"line":171,"column":16},"end":{"line":172,"column":99}},"64":{"start":{"line":171,"column":37},"end":{"line":171,"column":113}},"65":{"start":{"line":172,"column":21},"end":{"line":172,"column":99}},"66":{"start":{"line":173,"column":16},"end":{"line":173,"column":32}},"67":{"start":{"line":179,"column":8},"end":{"line":182,"column":9}},"68":{"start":{"line":180,"column":12},"end":{"line":180,"column":75}},"69":{"start":{"line":181,"column":12},"end":{"line":181,"column":19}},"70":{"start":{"line":183,"column":8},"end":{"line":183,"column":74}},"71":{"start":{"line":184,"column":24},"end":{"line":184,"column":119}},"72":{"start":{"line":185,"column":8},"end":{"line":198,"column":40}},"73":{"start":{"line":186,"column":27},"end":{"line":186,"column":78}},"74":{"start":{"line":187,"column":23},"end":{"line":187,"column":156}},"75":{"start":{"line":188,"column":31},"end":{"line":193,"column":13}},"76":{"start":{"line":194,"column":12},"end":{"line":194,"column":77}},"77":{"start":{"line":195,"column":12},"end":{"line":197,"column":13}},"78":{"start":{"line":196,"column":16},"end":{"line":196,"column":37}},"79":{"start":{"line":202,"column":8},"end":{"line":206,"column":9}},"80":{"start":{"line":203,"column":12},"end":{"line":203,"column":47}},"81":{"start":{"line":204,"column":12},"end":{"line":204,"column":39}},"82":{"start":{"line":205,"column":12},"end":{"line":205,"column":78}},"83":{"start":{"line":209,"column":4},"end":{"line":209,"column":64}},"84":{"start":{"line":211,"column":4},"end":{"line":219,"column":6}},"85":{"start":{"line":218,"column":30},"end":{"line":218,"column":47}}},"fnMap":{"0":{"name":"(anonymous_0)","decl":{"start":{"line":1,"column":31},"end":{"line":1,"column":32}},"loc":{"start":{"line":1,"column":37},"end":{"line":221,"column":1}},"line":1},"1":{"name":"_logEvent","decl":{"start":{"line":87,"column":13},"end":{"line":87,"column":22}},"loc":{"start":{"line":87,"column":52},"end":{"line":92,"column":5}},"line":87},"2":{"name":"_generateSystemChecksum","decl":{"start":{"line":94,"column":13},"end":{"line":94,"column":36}},"loc":{"start":{"line":94,"column":43},"end":{"line":104,"column":5}},"line":94},"3":{"name":"_generateSessionToken","decl":{"start":{"line":106,"column":13},"end":{"line":106,"column":34}},"loc":{"start":{"line":106,"column":64},"end":{"line":115,"column":5}},"line":106},"4":{"name":"getProtocols","decl":{"start":{"line":117,"column":13},"end":{"line":117,"column":25}},"loc":{"start":{"line":117,"column":28},"end":{"line":121,"column":5}},"line":117},"5":{"name":"(anonymous_5)","decl":{"start":{"line":119,"column":58},"end":{"line":119,"column":59}},"loc":{"start":{"line":119,"column":65},"end":{"line":119,"column":90}},"line":119},"6":{"name":"getProtocolById","decl":{"start":{"line":123,"column":13},"end":{"line":123,"column":28}},"loc":{"start":{"line":123,"column":41},"end":{"line":130,"column":5}},"line":123},"7":{"name":"updateProtocolStatus","decl":{"start":{"line":132,"column":13},"end":{"line":132,"column":33}},"loc":{"start":{"line":132,"column":57},"end":{"line":152,"column":5}},"line":132},"8":{"name":"(anonymous_8)","decl":{"start":{"line":140,"column":27},"end":{"line":140,"column":28}},"loc":{"start":{"line":140,"column":48},"end":{"line":151,"column":9}},"line":140},"9":{"name":"(anonymous_9)","decl":{"start":{"line":146,"column":23},"end":{"line":146,"column":24}},"loc":{"start":{"line":146,"column":29},"end":{"line":150,"column":13}},"line":146},"10":{"name":"runIntegrityCheck","decl":{"start":{"line":154,"column":13},"end":{"line":154,"column":30}},"loc":{"start":{"line":154,"column":33},"end":{"line":176,"column":5}},"line":154},"11":{"name":"(anonymous_11)","decl":{"start":{"line":156,"column":27},"end":{"line":156,"column":28}},"loc":{"start":{"line":156,"column":40},"end":{"line":175,"column":9}},"line":156},"12":{"name":"(anonymous_12)","decl":{"start":{"line":157,"column":67},"end":{"line":157,"column":68}},"loc":{"start":{"line":157,"column":73},"end":{"line":157,"column":107}},"line":157},"13":{"name":"(anonymous_13)","decl":{"start":{"line":159,"column":23},"end":{"line":159,"column":24}},"loc":{"start":{"line":159,"column":29},"end":{"line":174,"column":13}},"line":159},"14":{"name":"(anonymous_14)","decl":{"start":{"line":161,"column":40},"end":{"line":161,"column":41}},"loc":{"start":{"line":161,"column":46},"end":{"line":161,"column":101}},"line":161},"15":{"name":"(anonymous_15)","decl":{"start":{"line":167,"column":80},"end":{"line":167,"column":81}},"loc":{"start":{"line":167,"column":86},"end":{"line":167,"column":100}},"line":167},"16":{"name":"startRealtimeThreatFeed","decl":{"start":{"line":178,"column":13},"end":{"line":178,"column":36}},"loc":{"start":{"line":178,"column":47},"end":{"line":199,"column":5}},"line":178},"17":{"name":"(anonymous_17)","decl":{"start":{"line":185,"column":42},"end":{"line":185,"column":43}},"loc":{"start":{"line":185,"column":48},"end":{"line":198,"column":9}},"line":185},"18":{"name":"stopRealtimeThreatFeed","decl":{"start":{"line":201,"column":13},"end":{"line":201,"column":35}},"loc":{"start":{"line":201,"column":38},"end":{"line":207,"column":5}},"line":201},"19":{"name":"(anonymous_19)","decl":{"start":{"line":218,"column":24},"end":{"line":218,"column":25}},"loc":{"start":{"line":218,"column":30},"end":{"line":218,"column":47}},"line":218}},"branchMap":{"0":{"loc":{"start":{"line":87,"column":38},"end":{"line":87,"column":50}},"type":"default-arg","locations":[{"start":{"line":87,"column":48},"end":{"line":87,"column":50}}],"line":87},"1":{"loc":{"start":{"line":91,"column":8},"end":{"line":91,"column":77}},"type":"if","locations":[{"start":{"line":91,"column":8},"end":{"line":91,"column":77}},{"start":{},"end":{}}],"line":91},"2":{"loc":{"start":{"line":97,"column":8},"end":{"line":97,"column":45}},"type":"if","locations":[{"start":{"line":97,"column":8},"end":{"line":97,"column":45}},{"start":{},"end":{}}],"line":97},"3":{"loc":{"start":{"line":106,"column":47},"end":{"line":106,"column":62}},"type":"default-arg","locations":[{"start":{"line":106,"column":60},"end":{"line":106,"column":62}}],"line":106},"4":{"loc":{"start":{"line":108,"column":8},"end":{"line":108,"column":35}},"type":"if","locations":[{"start":{"line":108,"column":8},"end":{"line":108,"column":35}},{"start":{},"end":{}}],"line":108},"5":{"loc":{"start":{"line":124,"column":8},"end":{"line":127,"column":9}},"type":"if","locations":[{"start":{"line":124,"column":8},"end":{"line":127,"column":9}},{"start":{},"end":{}}],"line":124},"6":{"loc":{"start":{"line":134,"column":8},"end":{"line":137,"column":9}},"type":"if","locations":[{"start":{"line":134,"column":8},"end":{"line":137,"column":9}},{"start":{},"end":{}}],"line":134},"7":{"loc":{"start":{"line":142,"column":12},"end":{"line":145,"column":13}},"type":"if","locations":[{"start":{"line":142,"column":12},"end":{"line":145,"column":13}},{"start":{},"end":{}}],"line":142},"8":{"loc":{"start":{"line":160,"column":36},"end":{"line":160,"column":63}},"type":"cond-expr","locations":[{"start":{"line":160,"column":58},"end":{"line":160,"column":59}},{"start":{"line":160,"column":62},"end":{"line":160,"column":63}}],"line":160},"9":{"loc":{"start":{"line":168,"column":34},"end":{"line":168,"column":76}},"type":"cond-expr","locations":[{"start":{"line":168,"column":52},"end":{"line":168,"column":65}},{"start":{"line":168,"column":68},"end":{"line":168,"column":76}}],"line":168},"10":{"loc":{"start":{"line":171,"column":16},"end":{"line":172,"column":99}},"type":"if","locations":[{"start":{"line":171,"column":16},"end":{"line":172,"column":99}},{"start":{"line":172,"column":21},"end":{"line":172,"column":99}}],"line":171},"11":{"loc":{"start":{"line":179,"column":8},"end":{"line":182,"column":9}},"type":"if","locations":[{"start":{"line":179,"column":8},"end":{"line":182,"column":9}},{"start":{},"end":{}}],"line":179},"12":{"loc":{"start":{"line":195,"column":12},"end":{"line":197,"column":13}},"type":"if","locations":[{"start":{"line":195,"column":12},"end":{"line":197,"column":13}},{"start":{},"end":{}}],"line":195},"13":{"loc":{"start":{"line":202,"column":8},"end":{"line":206,"column":9}},"type":"if","locations":[{"start":{"line":202,"column":8},"end":{"line":206,"column":9}},{"start":{},"end":{}}],"line":202}},"s":{"0":0,"1":0,"2":0,"3":0,"4":0,"5":0,"6":0,"7":0,"8":0,"9":0,"10":0,"11":0,"12":0,"13":0,"14":0,"15":0,"16":0,"17":0,"18":0,"19":0,"20":0,"21":0,"22":0,"23":0,"24":0,"25":0,"26":0,"27":0,"28":0,"29":0,"30":0,"31":0,"32":0,"33":0,"34":0,"35":0,"36":0,"37":0,"38":0,"39":0,"40":0,"41":0,"42":0,"43":0,"44":0,"45":0,"46":0,"47":0,"48":0,"49":0,"50":0,"51":0,"52":0,"53":0,"54":0,"55":0,"56":0,"57":0,"58":0,"59":0,"60":0,"61":0,"62":0,"63":0,"64":0,"65":0,"66":0,"67":0,"68":0,"69":0,"70":0,"71":0,"72":0,"73":0,"74":0,"75":0,"76":0,"77":0,"78":0,"79":0,"80":0,"81":0,"82":0,"83":0,"84":0,"85":0},"f":{"0":0,"1":0,"2":0,"3":0,"4":0,"5":0,"6":0,"7":0,"8":0,"9":0,"10":0,"11":0,"12":0,"13":0,"14":0,"15":0,"16":0,"17":0,"18":0,"19":0},"b":{"0":[0],"1":[0,0],"2":[0,0],"3":[0],"4":[0,0],"5":[0,0],"6":[0,0],"7":[0,0],"8":[0,0],"9":[0,0],"10":[0,0],"11":[0,0],"12":[0,0],"13":[0,0]}}
,"/Users/supercomputer/Documents/Projects/Fleetbo/SnapTask01/src/@fleetbo/context/AuthContext.jsx": {"path":"/Users/supercomputer/Documents/Projects/Fleetbo/SnapTask01/src/@fleetbo/context/AuthContext.jsx","statementMap":{"0":{"start":{"line":4,"column":20},"end":{"line":4,"column":39}},"1":{"start":{"line":5,"column":28},"end":{"line":42,"column":1}},"2":{"start":{"line":6,"column":42},"end":{"line":6,"column":56}},"3":{"start":{"line":7,"column":42},"end":{"line":7,"column":57}},"4":{"start":{"line":8,"column":42},"end":{"line":8,"column":56}},"5":{"start":{"line":10,"column":4},"end":{"line":29,"column":11}},"6":{"start":{"line":11,"column":33},"end":{"line":27,"column":9}},"7":{"start":{"line":12,"column":12},"end":{"line":26,"column":13}},"8":{"start":{"line":13,"column":33},"end":{"line":13,"column":75}},"9":{"start":{"line":14,"column":16},"end":{"line":14,"column":37}},"10":{"start":{"line":15,"column":16},"end":{"line":20,"column":17}},"11":{"start":{"line":16,"column":20},"end":{"line":16,"column":40}},"12":{"start":{"line":17,"column":20},"end":{"line":17,"column":41}},"13":{"start":{"line":19,"column":20},"end":{"line":19,"column":41}},"14":{"start":{"line":22,"column":16},"end":{"line":22,"column":37}},"15":{"start":{"line":23,"column":16},"end":{"line":23,"column":37}},"16":{"start":{"line":25,"column":16},"end":{"line":25,"column":36}},"17":{"start":{"line":28,"column":8},"end":{"line":28,"column":27}},"18":{"start":{"line":31,"column":18},"end":{"line":34,"column":5}},"19":{"start":{"line":32,"column":8},"end":{"line":32,"column":28}},"20":{"start":{"line":33,"column":8},"end":{"line":33,"column":29}},"21":{"start":{"line":35,"column":18},"end":{"line":35,"column":78}},"22":{"start":{"line":37,"column":4},"end":{"line":41,"column":6}},"23":{"start":{"line":43,"column":23},"end":{"line":45,"column":1}},"24":{"start":{"line":44,"column":4},"end":{"line":44,"column":35}}},"fnMap":{"0":{"name":"(anonymous_0)","decl":{"start":{"line":5,"column":28},"end":{"line":5,"column":29}},"loc":{"start":{"line":5,"column":46},"end":{"line":42,"column":1}},"line":5},"1":{"name":"(anonymous_1)","decl":{"start":{"line":10,"column":14},"end":{"line":10,"column":15}},"loc":{"start":{"line":10,"column":20},"end":{"line":29,"column":5}},"line":10},"2":{"name":"(anonymous_2)","decl":{"start":{"line":11,"column":33},"end":{"line":11,"column":34}},"loc":{"start":{"line":11,"column":45},"end":{"line":27,"column":9}},"line":11},"3":{"name":"(anonymous_3)","decl":{"start":{"line":31,"column":18},"end":{"line":31,"column":19}},"loc":{"start":{"line":31,"column":28},"end":{"line":34,"column":5}},"line":31},"4":{"name":"(anonymous_4)","decl":{"start":{"line":43,"column":23},"end":{"line":43,"column":24}},"loc":{"start":{"line":43,"column":29},"end":{"line":45,"column":1}},"line":43}},"branchMap":{"0":{"loc":{"start":{"line":15,"column":16},"end":{"line":20,"column":17}},"type":"if","locations":[{"start":{"line":15,"column":16},"end":{"line":20,"column":17}},{"start":{"line":18,"column":23},"end":{"line":20,"column":17}}],"line":15},"1":{"loc":{"start":{"line":15,"column":20},"end":{"line":15,"column":43}},"type":"binary-expr","locations":[{"start":{"line":15,"column":20},"end":{"line":15,"column":24}},{"start":{"line":15,"column":28},"end":{"line":15,"column":43}}],"line":15}},"s":{"0":0,"1":0,"2":0,"3":0,"4":0,"5":0,"6":0,"7":0,"8":0,"9":0,"10":0,"11":0,"12":0,"13":0,"14":0,"15":0,"16":0,"17":0,"18":0,"19":0,"20":0,"21":0,"22":0,"23":0,"24":0},"f":{"0":0,"1":0,"2":0,"3":0,"4":0},"b":{"0":[0,0],"1":[0,0]}}
,"/Users/supercomputer/Documents/Projects/Fleetbo/SnapTask01/src/@fleetbo/context/AuthGate.js": {"path":"/Users/supercomputer/Documents/Projects/Fleetbo/SnapTask01/src/@fleetbo/context/AuthGate.js","statementMap":{"0":{"start":{"line":5,"column":17},"end":{"line":19,"column":1}},"1":{"start":{"line":6,"column":36},"end":{"line":6,"column":45}},"2":{"start":{"line":8,"column":2},"end":{"line":10,"column":3}},"3":{"start":{"line":9,"column":4},"end":{"line":9,"column":16}},"4":{"start":{"line":12,"column":2},"end":{"line":15,"column":3}},"5":{"start":{"line":14,"column":4},"end":{"line":14,"column":47}},"6":{"start":{"line":18,"column":2},"end":{"line":18,"column":42}}},"fnMap":{"0":{"name":"(anonymous_0)","decl":{"start":{"line":5,"column":17},"end":{"line":5,"column":18}},"loc":{"start":{"line":5,"column":23},"end":{"line":19,"column":1}},"line":5}},"branchMap":{"0":{"loc":{"start":{"line":8,"column":2},"end":{"line":10,"column":3}},"type":"if","locations":[{"start":{"line":8,"column":2},"end":{"line":10,"column":3}},{"start":{},"end":{}}],"line":8},"1":{"loc":{"start":{"line":12,"column":2},"end":{"line":15,"column":3}},"type":"if","locations":[{"start":{"line":12,"column":2},"end":{"line":15,"column":3}},{"start":{},"end":{}}],"line":12}},"s":{"0":0,"1":0,"2":0,"3":0,"4":0,"5":0,"6":0},"f":{"0":0},"b":{"0":[0,0],"1":[0,0]}}
,"/Users/supercomputer/Documents/Projects/Fleetbo/SnapTask01/src/@fleetbo/hooks/useLoadingTimeout.js": {"path":"/Users/supercomputer/Documents/Projects/Fleetbo/SnapTask01/src/@fleetbo/hooks/useLoadingTimeout.js","statementMap":{"0":{"start":{"line":5,"column":33},"end":{"line":18,"column":1}},"1":{"start":{"line":6,"column":2},"end":{"line":17,"column":64}},"2":{"start":{"line":7,"column":4},"end":{"line":7,"column":30}},"3":{"start":{"line":7,"column":23},"end":{"line":7,"column":30}},"4":{"start":{"line":9,"column":28},"end":{"line":14,"column":17}},"5":{"start":{"line":10,"column":6},"end":{"line":13,"column":7}},"6":{"start":{"line":11,"column":8},"end":{"line":11,"column":31}},"7":{"start":{"line":12,"column":8},"end":{"line":12,"column":70}},"8":{"start":{"line":16,"column":4},"end":{"line":16,"column":47}},"9":{"start":{"line":16,"column":17},"end":{"line":16,"column":46}}},"fnMap":{"0":{"name":"(anonymous_0)","decl":{"start":{"line":5,"column":33},"end":{"line":5,"column":34}},"loc":{"start":{"line":5,"column":102},"end":{"line":18,"column":1}},"line":5},"1":{"name":"(anonymous_1)","decl":{"start":{"line":6,"column":18},"end":{"line":6,"column":19}},"loc":{"start":{"line":6,"column":24},"end":{"line":17,"column":3}},"line":6},"2":{"name":"(anonymous_2)","decl":{"start":{"line":9,"column":39},"end":{"line":9,"column":40}},"loc":{"start":{"line":9,"column":45},"end":{"line":14,"column":5}},"line":9},"3":{"name":"(anonymous_3)","decl":{"start":{"line":16,"column":11},"end":{"line":16,"column":12}},"loc":{"start":{"line":16,"column":17},"end":{"line":16,"column":46}},"line":16}},"branchMap":{"0":{"loc":{"start":{"line":5,"column":80},"end":{"line":5,"column":97}},"type":"default-arg","locations":[{"start":{"line":5,"column":92},"end":{"line":5,"column":97}}],"line":5},"1":{"loc":{"start":{"line":7,"column":4},"end":{"line":7,"column":30}},"type":"if","locations":[{"start":{"line":7,"column":4},"end":{"line":7,"column":30}},{"start":{},"end":{}}],"line":7},"2":{"loc":{"start":{"line":10,"column":6},"end":{"line":13,"column":7}},"type":"if","locations":[{"start":{"line":10,"column":6},"end":{"line":13,"column":7}},{"start":{},"end":{}}],"line":10}},"s":{"0":0,"1":0,"2":0,"3":0,"4":0,"5":0,"6":0,"7":0,"8":0,"9":0},"f":{"0":0,"1":0,"2":0,"3":0},"b":{"0":[0],"1":[0,0],"2":[0,0]}}
,"/Users/supercomputer/Documents/Projects/Fleetbo/SnapTask01/src/@fleetbo/hooks/useModalLauncher.js": {"path":"/Users/supercomputer/Documents/Projects/Fleetbo/SnapTask01/src/@fleetbo/hooks/useModalLauncher.js","statementMap":{"0":{"start":{"line":3,"column":25},"end":{"line":21,"column":1}},"1":{"start":{"line":4,"column":42},"end":{"line":4,"column":57}},"2":{"start":{"line":5,"column":4},"end":{"line":13,"column":11}},"3":{"start":{"line":6,"column":32},"end":{"line":8,"column":9}},"4":{"start":{"line":7,"column":12},"end":{"line":7,"column":33}},"5":{"start":{"line":9,"column":8},"end":{"line":9,"column":69}},"6":{"start":{"line":10,"column":8},"end":{"line":12,"column":10}},"7":{"start":{"line":11,"column":12},"end":{"line":11,"column":76}},"8":{"start":{"line":14,"column":23},"end":{"line":19,"column":5}},"9":{"start":{"line":15,"column":8},"end":{"line":15,"column":30}},"10":{"start":{"line":16,"column":8},"end":{"line":18,"column":9}},"11":{"start":{"line":17,"column":12},"end":{"line":17,"column":39}},"12":{"start":{"line":20,"column":4},"end":{"line":20,"column":39}}},"fnMap":{"0":{"name":"(anonymous_0)","decl":{"start":{"line":3,"column":25},"end":{"line":3,"column":26}},"loc":{"start":{"line":3,"column":31},"end":{"line":21,"column":1}},"line":3},"1":{"name":"(anonymous_1)","decl":{"start":{"line":5,"column":14},"end":{"line":5,"column":15}},"loc":{"start":{"line":5,"column":20},"end":{"line":13,"column":5}},"line":5},"2":{"name":"(anonymous_2)","decl":{"start":{"line":6,"column":32},"end":{"line":6,"column":33}},"loc":{"start":{"line":6,"column":38},"end":{"line":8,"column":9}},"line":6},"3":{"name":"(anonymous_3)","decl":{"start":{"line":10,"column":15},"end":{"line":10,"column":16}},"loc":{"start":{"line":10,"column":21},"end":{"line":12,"column":9}},"line":10},"4":{"name":"(anonymous_4)","decl":{"start":{"line":14,"column":23},"end":{"line":14,"column":24}},"loc":{"start":{"line":14,"column":29},"end":{"line":19,"column":5}},"line":14}},"branchMap":{"0":{"loc":{"start":{"line":16,"column":8},"end":{"line":18,"column":9}},"type":"if","locations":[{"start":{"line":16,"column":8},"end":{"line":18,"column":9}},{"start":{},"end":{}}],"line":16},"1":{"loc":{"start":{"line":16,"column":12},"end":{"line":16,"column":61}},"type":"binary-expr","locations":[{"start":{"line":16,"column":12},"end":{"line":16,"column":26}},{"start":{"line":16,"column":30},"end":{"line":16,"column":61}}],"line":16}},"s":{"0":0,"1":0,"2":0,"3":0,"4":0,"5":0,"6":0,"7":0,"8":0,"9":0,"10":0,"11":0,"12":0},"f":{"0":0,"1":0,"2":0,"3":0,"4":0},"b":{"0":[0,0],"1":[0,0]}}
,"/Users/supercomputer/Documents/Projects/Fleetbo/SnapTask01/src/@fleetbo/hooks/useStartupEffect.js": {"path":"/Users/supercomputer/Documents/Projects/Fleetbo/SnapTask01/src/@fleetbo/hooks/useStartupEffect.js","statementMap":{"0":{"start":{"line":4,"column":32},"end":{"line":133,"column":1}},"1":{"start":{"line":5,"column":21},"end":{"line":5,"column":34}},"2":{"start":{"line":6,"column":21},"end":{"line":6,"column":34}},"3":{"start":{"line":8,"column":23},"end":{"line":8,"column":36}},"4":{"start":{"line":10,"column":48},"end":{"line":10,"column":63}},"5":{"start":{"line":11,"column":58},"end":{"line":11,"column":72}},"6":{"start":{"line":13,"column":4},"end":{"line":114,"column":11}},"7":{"start":{"line":14,"column":20},"end":{"line":14,"column":24}},"8":{"start":{"line":15,"column":24},"end":{"line":15,"column":28}},"9":{"start":{"line":17,"column":24},"end":{"line":21,"column":9}},"10":{"start":{"line":18,"column":12},"end":{"line":18,"column":43}},"11":{"start":{"line":18,"column":23},"end":{"line":18,"column":43}},"12":{"start":{"line":19,"column":12},"end":{"line":19,"column":52}},"13":{"start":{"line":19,"column":27},"end":{"line":19,"column":52}},"14":{"start":{"line":20,"column":12},"end":{"line":20,"column":65}},"15":{"start":{"line":23,"column":31},"end":{"line":29,"column":9}},"16":{"start":{"line":24,"column":12},"end":{"line":24,"column":43}},"17":{"start":{"line":24,"column":36},"end":{"line":24,"column":43}},"18":{"start":{"line":25,"column":12},"end":{"line":25,"column":38}},"19":{"start":{"line":27,"column":12},"end":{"line":27,"column":22}},"20":{"start":{"line":28,"column":12},"end":{"line":28,"column":36}},"21":{"start":{"line":31,"column":30},"end":{"line":58,"column":9}},"22":{"start":{"line":32,"column":12},"end":{"line":32,"column":57}},"23":{"start":{"line":33,"column":12},"end":{"line":57,"column":13}},"24":{"start":{"line":34,"column":16},"end":{"line":56,"column":17}},"25":{"start":{"line":35,"column":20},"end":{"line":35,"column":65}},"26":{"start":{"line":36,"column":20},"end":{"line":41,"column":21}},"27":{"start":{"line":37,"column":41},"end":{"line":37,"column":73}},"28":{"start":{"line":38,"column":24},"end":{"line":38,"column":62}},"29":{"start":{"line":39,"column":24},"end":{"line":39,"column":61}},"30":{"start":{"line":40,"column":24},"end":{"line":40,"column":60}},"31":{"start":{"line":43,"column":20},"end":{"line":50,"column":27}},"32":{"start":{"line":44,"column":24},"end":{"line":44,"column":86}},"33":{"start":{"line":45,"column":24},"end":{"line":49,"column":25}},"34":{"start":{"line":46,"column":28},"end":{"line":46,"column":45}},"35":{"start":{"line":48,"column":28},"end":{"line":48,"column":86}},"36":{"start":{"line":53,"column":20},"end":{"line":53,"column":64}},"37":{"start":{"line":54,"column":20},"end":{"line":54,"column":84}},"38":{"start":{"line":55,"column":20},"end":{"line":55,"column":30}},"39":{"start":{"line":60,"column":8},"end":{"line":60,"column":65}},"40":{"start":{"line":61,"column":8},"end":{"line":61,"column":85}},"41":{"start":{"line":62,"column":8},"end":{"line":62,"column":87}},"42":{"start":{"line":64,"column":8},"end":{"line":104,"column":9}},"43":{"start":{"line":65,"column":12},"end":{"line":65,"column":50}},"44":{"start":{"line":66,"column":12},"end":{"line":72,"column":13}},"45":{"start":{"line":67,"column":16},"end":{"line":67,"column":33}},"46":{"start":{"line":69,"column":16},"end":{"line":71,"column":24}},"47":{"start":{"line":70,"column":20},"end":{"line":70,"column":57}},"48":{"start":{"line":70,"column":40},"end":{"line":70,"column":57}},"49":{"start":{"line":75,"column":13},"end":{"line":104,"column":9}},"50":{"start":{"line":76,"column":12},"end":{"line":76,"column":74}},"51":{"start":{"line":77,"column":12},"end":{"line":77,"column":62}},"52":{"start":{"line":79,"column":12},"end":{"line":94,"column":20}},"53":{"start":{"line":80,"column":16},"end":{"line":83,"column":17}},"54":{"start":{"line":81,"column":20},"end":{"line":81,"column":30}},"55":{"start":{"line":82,"column":20},"end":{"line":82,"column":27}},"56":{"start":{"line":85,"column":16},"end":{"line":88,"column":17}},"57":{"start":{"line":86,"column":20},"end":{"line":86,"column":37}},"58":{"start":{"line":87,"column":20},"end":{"line":87,"column":27}},"59":{"start":{"line":90,"column":16},"end":{"line":93,"column":17}},"60":{"start":{"line":91,"column":20},"end":{"line":91,"column":68}},"61":{"start":{"line":92,"column":20},"end":{"line":92,"column":87}},"62":{"start":{"line":98,"column":12},"end":{"line":98,"column":57}},"63":{"start":{"line":99,"column":13},"end":{"line":103,"column":22}},"64":{"start":{"line":100,"column":17},"end":{"line":102,"column":18}},"65":{"start":{"line":101,"column":21},"end":{"line":101,"column":87}},"66":{"start":{"line":105,"column":8},"end":{"line":110,"column":18}},"67":{"start":{"line":106,"column":12},"end":{"line":109,"column":13}},"68":{"start":{"line":107,"column":16},"end":{"line":107,"column":62}},"69":{"start":{"line":108,"column":16},"end":{"line":108,"column":26}},"70":{"start":{"line":112,"column":8},"end":{"line":112,"column":23}},"71":{"start":{"line":116,"column":4},"end":{"line":120,"column":19}},"72":{"start":{"line":117,"column":8},"end":{"line":119,"column":10}},"73":{"start":{"line":118,"column":12},"end":{"line":118,"column":28}},"74":{"start":{"line":122,"column":4},"end":{"line":130,"column":54}},"75":{"start":{"line":123,"column":8},"end":{"line":129,"column":9}},"76":{"start":{"line":124,"column":34},"end":{"line":124,"column":77}},"77":{"start":{"line":125,"column":33},"end":{"line":125,"column":66}},"78":{"start":{"line":126,"column":12},"end":{"line":128,"column":13}},"79":{"start":{"line":127,"column":16},"end":{"line":127,"column":58}},"80":{"start":{"line":132,"column":4},"end":{"line":132,"column":51}}},"fnMap":{"0":{"name":"(anonymous_0)","decl":{"start":{"line":4,"column":32},"end":{"line":4,"column":33}},"loc":{"start":{"line":4,"column":38},"end":{"line":133,"column":1}},"line":4},"1":{"name":"(anonymous_1)","decl":{"start":{"line":13,"column":14},"end":{"line":13,"column":15}},"loc":{"start":{"line":13,"column":20},"end":{"line":114,"column":5}},"line":13},"2":{"name":"(anonymous_2)","decl":{"start":{"line":17,"column":24},"end":{"line":17,"column":25}},"loc":{"start":{"line":17,"column":30},"end":{"line":21,"column":9}},"line":17},"3":{"name":"(anonymous_3)","decl":{"start":{"line":23,"column":31},"end":{"line":23,"column":32}},"loc":{"start":{"line":23,"column":37},"end":{"line":29,"column":9}},"line":23},"4":{"name":"(anonymous_4)","decl":{"start":{"line":31,"column":30},"end":{"line":31,"column":31}},"loc":{"start":{"line":31,"column":41},"end":{"line":58,"column":9}},"line":31},"5":{"name":"(anonymous_5)","decl":{"start":{"line":43,"column":31},"end":{"line":43,"column":32}},"loc":{"start":{"line":43,"column":37},"end":{"line":50,"column":21}},"line":43},"6":{"name":"(anonymous_6)","decl":{"start":{"line":69,"column":40},"end":{"line":69,"column":41}},"loc":{"start":{"line":69,"column":46},"end":{"line":71,"column":17}},"line":69},"7":{"name":"(anonymous_7)","decl":{"start":{"line":79,"column":36},"end":{"line":79,"column":37}},"loc":{"start":{"line":79,"column":42},"end":{"line":94,"column":13}},"line":79},"8":{"name":"(anonymous_8)","decl":{"start":{"line":99,"column":24},"end":{"line":99,"column":25}},"loc":{"start":{"line":99,"column":30},"end":{"line":103,"column":14}},"line":99},"9":{"name":"(anonymous_9)","decl":{"start":{"line":105,"column":27},"end":{"line":105,"column":28}},"loc":{"start":{"line":105,"column":33},"end":{"line":110,"column":9}},"line":105},"10":{"name":"(anonymous_10)","decl":{"start":{"line":116,"column":14},"end":{"line":116,"column":15}},"loc":{"start":{"line":116,"column":20},"end":{"line":120,"column":5}},"line":116},"11":{"name":"(anonymous_11)","decl":{"start":{"line":117,"column":31},"end":{"line":117,"column":32}},"loc":{"start":{"line":117,"column":42},"end":{"line":119,"column":9}},"line":117},"12":{"name":"(anonymous_12)","decl":{"start":{"line":122,"column":14},"end":{"line":122,"column":15}},"loc":{"start":{"line":122,"column":20},"end":{"line":130,"column":5}},"line":122}},"branchMap":{"0":{"loc":{"start":{"line":18,"column":12},"end":{"line":18,"column":43}},"type":"if","locations":[{"start":{"line":18,"column":12},"end":{"line":18,"column":43}},{"start":{},"end":{}}],"line":18},"1":{"loc":{"start":{"line":19,"column":12},"end":{"line":19,"column":52}},"type":"if","locations":[{"start":{"line":19,"column":12},"end":{"line":19,"column":52}},{"start":{},"end":{}}],"line":19},"2":{"loc":{"start":{"line":24,"column":12},"end":{"line":24,"column":43}},"type":"if","locations":[{"start":{"line":24,"column":12},"end":{"line":24,"column":43}},{"start":{},"end":{}}],"line":24},"3":{"loc":{"start":{"line":33,"column":12},"end":{"line":57,"column":13}},"type":"if","locations":[{"start":{"line":33,"column":12},"end":{"line":57,"column":13}},{"start":{},"end":{}}],"line":33},"4":{"loc":{"start":{"line":33,"column":16},"end":{"line":33,"column":74}},"type":"binary-expr","locations":[{"start":{"line":33,"column":16},"end":{"line":33,"column":26}},{"start":{"line":33,"column":30},"end":{"line":33,"column":74}}],"line":33},"5":{"loc":{"start":{"line":36,"column":20},"end":{"line":41,"column":21}},"type":"if","locations":[{"start":{"line":36,"column":20},"end":{"line":41,"column":21}},{"start":{},"end":{}}],"line":36},"6":{"loc":{"start":{"line":45,"column":24},"end":{"line":49,"column":25}},"type":"if","locations":[{"start":{"line":45,"column":24},"end":{"line":49,"column":25}},{"start":{"line":47,"column":31},"end":{"line":49,"column":25}}],"line":45},"7":{"loc":{"start":{"line":64,"column":8},"end":{"line":104,"column":9}},"type":"if","locations":[{"start":{"line":64,"column":8},"end":{"line":104,"column":9}},{"start":{"line":75,"column":13},"end":{"line":104,"column":9}}],"line":64},"8":{"loc":{"start":{"line":64,"column":12},"end":{"line":64,"column":77}},"type":"binary-expr","locations":[{"start":{"line":64,"column":12},"end":{"line":64,"column":26}},{"start":{"line":64,"column":30},"end":{"line":64,"column":77}}],"line":64},"9":{"loc":{"start":{"line":66,"column":12},"end":{"line":72,"column":13}},"type":"if","locations":[{"start":{"line":66,"column":12},"end":{"line":72,"column":13}},{"start":{"line":68,"column":19},"end":{"line":72,"column":13}}],"line":66},"10":{"loc":{"start":{"line":70,"column":20},"end":{"line":70,"column":57}},"type":"if","locations":[{"start":{"line":70,"column":20},"end":{"line":70,"column":57}},{"start":{},"end":{}}],"line":70},"11":{"loc":{"start":{"line":75,"column":13},"end":{"line":104,"column":9}},"type":"if","locations":[{"start":{"line":75,"column":13},"end":{"line":104,"column":9}},{"start":{"line":97,"column":13},"end":{"line":104,"column":9}}],"line":75},"12":{"loc":{"start":{"line":80,"column":16},"end":{"line":83,"column":17}},"type":"if","locations":[{"start":{"line":80,"column":16},"end":{"line":83,"column":17}},{"start":{},"end":{}}],"line":80},"13":{"loc":{"start":{"line":85,"column":16},"end":{"line":88,"column":17}},"type":"if","locations":[{"start":{"line":85,"column":16},"end":{"line":88,"column":17}},{"start":{},"end":{}}],"line":85},"14":{"loc":{"start":{"line":90,"column":16},"end":{"line":93,"column":17}},"type":"if","locations":[{"start":{"line":90,"column":16},"end":{"line":93,"column":17}},{"start":{},"end":{}}],"line":90},"15":{"loc":{"start":{"line":100,"column":17},"end":{"line":102,"column":18}},"type":"if","locations":[{"start":{"line":100,"column":17},"end":{"line":102,"column":18}},{"start":{},"end":{}}],"line":100},"16":{"loc":{"start":{"line":106,"column":12},"end":{"line":109,"column":13}},"type":"if","locations":[{"start":{"line":106,"column":12},"end":{"line":109,"column":13}},{"start":{},"end":{}}],"line":106},"17":{"loc":{"start":{"line":123,"column":8},"end":{"line":129,"column":9}},"type":"if","locations":[{"start":{"line":123,"column":8},"end":{"line":129,"column":9}},{"start":{},"end":{}}],"line":123},"18":{"loc":{"start":{"line":124,"column":34},"end":{"line":124,"column":77}},"type":"binary-expr","locations":[{"start":{"line":124,"column":34},"end":{"line":124,"column":67}},{"start":{"line":124,"column":71},"end":{"line":124,"column":77}}],"line":124},"19":{"loc":{"start":{"line":126,"column":12},"end":{"line":128,"column":13}},"type":"if","locations":[{"start":{"line":126,"column":12},"end":{"line":128,"column":13}},{"start":{},"end":{}}],"line":126},"20":{"loc":{"start":{"line":126,"column":16},"end":{"line":126,"column":69}},"type":"binary-expr","locations":[{"start":{"line":126,"column":16},"end":{"line":126,"column":41}},{"start":{"line":126,"column":45},"end":{"line":126,"column":69}}],"line":126}},"s":{"0":0,"1":0,"2":0,"3":0,"4":0,"5":0,"6":0,"7":0,"8":0,"9":0,"10":0,"11":0,"12":0,"13":0,"14":0,"15":0,"16":0,"17":0,"18":0,"19":0,"20":0,"21":0,"22":0,"23":0,"24":0,"25":0,"26":0,"27":0,"28":0,"29":0,"30":0,"31":0,"32":0,"33":0,"34":0,"35":0,"36":0,"37":0,"38":0,"39":0,"40":0,"41":0,"42":0,"43":0,"44":0,"45":0,"46":0,"47":0,"48":0,"49":0,"50":0,"51":0,"52":0,"53":0,"54":0,"55":0,"56":0,"57":0,"58":0,"59":0,"60":0,"61":0,"62":0,"63":0,"64":0,"65":0,"66":0,"67":0,"68":0,"69":0,"70":0,"71":0,"72":0,"73":0,"74":0,"75":0,"76":0,"77":0,"78":0,"79":0,"80":0},"f":{"0":0,"1":0,"2":0,"3":0,"4":0,"5":0,"6":0,"7":0,"8":0,"9":0,"10":0,"11":0,"12":0},"b":{"0":[0,0],"1":[0,0],"2":[0,0],"3":[0,0],"4":[0,0],"5":[0,0],"6":[0,0],"7":[0,0],"8":[0,0],"9":[0,0],"10":[0,0],"11":[0,0],"12":[0,0],"13":[0,0],"14":[0,0],"15":[0,0],"16":[0,0],"17":[0,0],"18":[0,0],"19":[0,0],"20":[0,0]}}
,"/Users/supercomputer/Documents/Projects/Fleetbo/SnapTask01/src/@fleetbo/utils/FormatDate.js": {"path":"/Users/supercomputer/Documents/Projects/Fleetbo/SnapTask01/src/@fleetbo/utils/FormatDate.js","statementMap":{"0":{"start":{"line":7,"column":35},"end":{"line":52,"column":1}},"1":{"start":{"line":8,"column":4},"end":{"line":51,"column":5}},"2":{"start":{"line":10,"column":8},"end":{"line":18,"column":9}},"3":{"start":{"line":11,"column":25},"end":{"line":11,"column":63}},"4":{"start":{"line":12,"column":28},"end":{"line":16,"column":13}},"5":{"start":{"line":17,"column":12},"end":{"line":17,"column":61}},"6":{"start":{"line":21,"column":8},"end":{"line":24,"column":9}},"7":{"start":{"line":22,"column":25},"end":{"line":22,"column":64}},"8":{"start":{"line":23,"column":12},"end":{"line":23,"column":52}},"9":{"start":{"line":27,"column":8},"end":{"line":30,"column":9}},"10":{"start":{"line":28,"column":25},"end":{"line":28,"column":63}},"11":{"start":{"line":29,"column":12},"end":{"line":29,"column":52}},"12":{"start":{"line":33,"column":8},"end":{"line":37,"column":9}},"13":{"start":{"line":34,"column":25},"end":{"line":34,"column":48}},"14":{"start":{"line":36,"column":12},"end":{"line":36,"column":71}},"15":{"start":{"line":40,"column":8},"end":{"line":43,"column":9}},"16":{"start":{"line":41,"column":25},"end":{"line":41,"column":48}},"17":{"start":{"line":42,"column":12},"end":{"line":42,"column":52}},"18":{"start":{"line":46,"column":8},"end":{"line":46,"column":18}},"19":{"start":{"line":49,"column":8},"end":{"line":49,"column":55}},"20":{"start":{"line":50,"column":8},"end":{"line":50,"column":18}}},"fnMap":{"0":{"name":"(anonymous_0)","decl":{"start":{"line":7,"column":35},"end":{"line":7,"column":36}},"loc":{"start":{"line":7,"column":54},"end":{"line":52,"column":1}},"line":7}},"branchMap":{"0":{"loc":{"start":{"line":10,"column":8},"end":{"line":18,"column":9}},"type":"if","locations":[{"start":{"line":10,"column":8},"end":{"line":18,"column":9}},{"start":{},"end":{}}],"line":10},"1":{"loc":{"start":{"line":10,"column":12},"end":{"line":10,"column":87}},"type":"binary-expr","locations":[{"start":{"line":10,"column":12},"end":{"line":10,"column":25}},{"start":{"line":10,"column":29},"end":{"line":10,"column":62}},{"start":{"line":10,"column":66},"end":{"line":10,"column":87}}],"line":10},"2":{"loc":{"start":{"line":21,"column":8},"end":{"line":24,"column":9}},"type":"if","locations":[{"start":{"line":21,"column":8},"end":{"line":24,"column":9}},{"start":{},"end":{}}],"line":21},"3":{"loc":{"start":{"line":21,"column":12},"end":{"line":21,"column":88}},"type":"binary-expr","locations":[{"start":{"line":21,"column":12},"end":{"line":21,"column":25}},{"start":{"line":21,"column":29},"end":{"line":21,"column":62}},{"start":{"line":21,"column":66},"end":{"line":21,"column":88}}],"line":21},"4":{"loc":{"start":{"line":27,"column":8},"end":{"line":30,"column":9}},"type":"if","locations":[{"start":{"line":27,"column":8},"end":{"line":30,"column":9}},{"start":{},"end":{}}],"line":27},"5":{"loc":{"start":{"line":27,"column":12},"end":{"line":27,"column":144}},"type":"binary-expr","locations":[{"start":{"line":27,"column":12},"end":{"line":27,"column":25}},{"start":{"line":27,"column":29},"end":{"line":27,"column":62}},{"start":{"line":27,"column":66},"end":{"line":27,"column":105}},{"start":{"line":27,"column":109},"end":{"line":27,"column":144}}],"line":27},"6":{"loc":{"start":{"line":33,"column":8},"end":{"line":37,"column":9}},"type":"if","locations":[{"start":{"line":33,"column":8},"end":{"line":37,"column":9}},{"start":{},"end":{}}],"line":33},"7":{"loc":{"start":{"line":36,"column":19},"end":{"line":36,"column":70}},"type":"cond-expr","locations":[{"start":{"line":36,"column":33},"end":{"line":36,"column":35}},{"start":{"line":36,"column":38},"end":{"line":36,"column":70}}],"line":36},"8":{"loc":{"start":{"line":40,"column":8},"end":{"line":43,"column":9}},"type":"if","locations":[{"start":{"line":40,"column":8},"end":{"line":43,"column":9}},{"start":{},"end":{}}],"line":40}},"s":{"0":0,"1":0,"2":0,"3":0,"4":0,"5":0,"6":0,"7":0,"8":0,"9":0,"10":0,"11":0,"12":0,"13":0,"14":0,"15":0,"16":0,"17":0,"18":0,"19":0,"20":0},"f":{"0":0},"b":{"0":[0,0],"1":[0,0,0],"2":[0,0],"3":[0,0,0],"4":[0,0],"5":[0,0,0,0],"6":[0,0],"7":[0,0],"8":[0,0]}}
,"/Users/supercomputer/Documents/Projects/Fleetbo/SnapTask01/src/@fleetbo/utils/getToken.js": {"path":"/Users/supercomputer/Documents/Projects/Fleetbo/SnapTask01/src/@fleetbo/utils/getToken.js","statementMap":{"0":{"start":{"line":4,"column":30},"end":{"line":12,"column":1}},"1":{"start":{"line":5,"column":4},"end":{"line":11,"column":5}},"2":{"start":{"line":7,"column":28},"end":{"line":7,"column":52}},"3":{"start":{"line":8,"column":8},"end":{"line":8,"column":51}},"4":{"start":{"line":10,"column":8},"end":{"line":10,"column":58}}},"fnMap":{"0":{"name":"(anonymous_0)","decl":{"start":{"line":4,"column":30},"end":{"line":4,"column":31}},"loc":{"start":{"line":4,"column":42},"end":{"line":12,"column":1}},"line":4}},"branchMap":{},"s":{"0":0,"1":0,"2":0,"3":0,"4":0},"f":{"0":0},"b":{}}
,"/Users/supercomputer/Documents/Projects/Fleetbo/SnapTask01/src/app/BootLoader.jsx": {"path":"/Users/supercomputer/Documents/Projects/Fleetbo/SnapTask01/src/app/BootLoader.jsx","statementMap":{"0":{"start":{"line":6,"column":30},"end":{"line":6,"column":54}},"1":{"start":{"line":8,"column":2},"end":{"line":36,"column":9}},"2":{"start":{"line":9,"column":20},"end":{"line":9,"column":24}},"3":{"start":{"line":11,"column":25},"end":{"line":31,"column":5}},"4":{"start":{"line":13,"column":6},"end":{"line":13,"column":62}},"5":{"start":{"line":13,"column":35},"end":{"line":13,"column":60}},"6":{"start":{"line":14,"column":6},"end":{"line":14,"column":29}},"7":{"start":{"line":14,"column":22},"end":{"line":14,"column":29}},"8":{"start":{"line":15,"column":6},"end":{"line":15,"column":36}},"9":{"start":{"line":18,"column":6},"end":{"line":18,"column":61}},"10":{"start":{"line":18,"column":35},"end":{"line":18,"column":59}},"11":{"start":{"line":19,"column":6},"end":{"line":19,"column":29}},"12":{"start":{"line":19,"column":22},"end":{"line":19,"column":29}},"13":{"start":{"line":20,"column":6},"end":{"line":20,"column":27}},"14":{"start":{"line":24,"column":21},"end":{"line":24,"column":59}},"15":{"start":{"line":26,"column":6},"end":{"line":30,"column":7}},"16":{"start":{"line":27,"column":8},"end":{"line":27,"column":32}},"17":{"start":{"line":29,"column":8},"end":{"line":29,"column":41}},"18":{"start":{"line":33,"column":4},"end":{"line":33,"column":19}},"19":{"start":{"line":35,"column":4},"end":{"line":35,"column":40}},"20":{"start":{"line":35,"column":19},"end":{"line":35,"column":37}},"21":{"start":{"line":38,"column":21},"end":{"line":49,"column":3}},"22":{"start":{"line":39,"column":4},"end":{"line":48,"column":5}},"23":{"start":{"line":41,"column":8},"end":{"line":41,"column":63}},"24":{"start":{"line":43,"column":8},"end":{"line":43,"column":68}},"25":{"start":{"line":45,"column":8},"end":{"line":45,"column":71}},"26":{"start":{"line":47,"column":8},"end":{"line":47,"column":61}},"27":{"start":{"line":51,"column":21},"end":{"line":58,"column":3}},"28":{"start":{"line":52,"column":4},"end":{"line":57,"column":5}},"29":{"start":{"line":53,"column":27},"end":{"line":53,"column":57}},"30":{"start":{"line":54,"column":31},"end":{"line":54,"column":63}},"31":{"start":{"line":55,"column":22},"end":{"line":55,"column":47}},"32":{"start":{"line":56,"column":15},"end":{"line":56,"column":35}},"33":{"start":{"line":60,"column":2},"end":{"line":86,"column":4}}},"fnMap":{"0":{"name":"BootLoader","decl":{"start":{"line":5,"column":24},"end":{"line":5,"column":34}},"loc":{"start":{"line":5,"column":37},"end":{"line":87,"column":1}},"line":5},"1":{"name":"(anonymous_1)","decl":{"start":{"line":8,"column":12},"end":{"line":8,"column":13}},"loc":{"start":{"line":8,"column":18},"end":{"line":36,"column":3}},"line":8},"2":{"name":"(anonymous_2)","decl":{"start":{"line":11,"column":25},"end":{"line":11,"column":26}},"loc":{"start":{"line":11,"column":37},"end":{"line":31,"column":5}},"line":11},"3":{"name":"(anonymous_3)","decl":{"start":{"line":13,"column":24},"end":{"line":13,"column":25}},"loc":{"start":{"line":13,"column":35},"end":{"line":13,"column":60}},"line":13},"4":{"name":"(anonymous_4)","decl":{"start":{"line":18,"column":24},"end":{"line":18,"column":25}},"loc":{"start":{"line":18,"column":35},"end":{"line":18,"column":59}},"line":18},"5":{"name":"(anonymous_5)","decl":{"start":{"line":35,"column":11},"end":{"line":35,"column":12}},"loc":{"start":{"line":35,"column":17},"end":{"line":35,"column":39}},"line":35},"6":{"name":"(anonymous_6)","decl":{"start":{"line":38,"column":21},"end":{"line":38,"column":22}},"loc":{"start":{"line":38,"column":27},"end":{"line":49,"column":3}},"line":38},"7":{"name":"(anonymous_7)","decl":{"start":{"line":51,"column":21},"end":{"line":51,"column":22}},"loc":{"start":{"line":51,"column":27},"end":{"line":58,"column":3}},"line":51}},"branchMap":{"0":{"loc":{"start":{"line":14,"column":6},"end":{"line":14,"column":29}},"type":"if","locations":[{"start":{"line":14,"column":6},"end":{"line":14,"column":29}},{"start":{},"end":{}}],"line":14},"1":{"loc":{"start":{"line":19,"column":6},"end":{"line":19,"column":29}},"type":"if","locations":[{"start":{"line":19,"column":6},"end":{"line":19,"column":29}},{"start":{},"end":{}}],"line":19},"2":{"loc":{"start":{"line":26,"column":6},"end":{"line":30,"column":7}},"type":"if","locations":[{"start":{"line":26,"column":6},"end":{"line":30,"column":7}},{"start":{"line":28,"column":13},"end":{"line":30,"column":7}}],"line":26},"3":{"loc":{"start":{"line":39,"column":4},"end":{"line":48,"column":5}},"type":"switch","locations":[{"start":{"line":40,"column":6},"end":{"line":41,"column":63}},{"start":{"line":42,"column":6},"end":{"line":43,"column":68}},{"start":{"line":44,"column":6},"end":{"line":45,"column":71}},{"start":{"line":46,"column":6},"end":{"line":47,"column":61}}],"line":39},"4":{"loc":{"start":{"line":52,"column":4},"end":{"line":57,"column":5}},"type":"switch","locations":[{"start":{"line":53,"column":6},"end":{"line":53,"column":57}},{"start":{"line":54,"column":6},"end":{"line":54,"column":63}},{"start":{"line":55,"column":6},"end":{"line":55,"column":47}},{"start":{"line":56,"column":6},"end":{"line":56,"column":35}}],"line":52},"5":{"loc":{"start":{"line":79,"column":21},"end":{"line":79,"column":98}},"type":"cond-expr","locations":[{"start":{"line":79,"column":44},"end":{"line":79,"column":50}},{"start":{"line":79,"column":53},"end":{"line":79,"column":98}}],"line":79},"6":{"loc":{"start":{"line":79,"column":53},"end":{"line":79,"column":98}},"type":"cond-expr","locations":[{"start":{"line":79,"column":85},"end":{"line":79,"column":90}},{"start":{"line":79,"column":93},"end":{"line":79,"column":98}}],"line":79}},"s":{"0":0,"1":0,"2":0,"3":0,"4":0,"5":0,"6":0,"7":0,"8":0,"9":0,"10":0,"11":0,"12":0,"13":0,"14":0,"15":0,"16":0,"17":0,"18":0,"19":0,"20":0,"21":0,"22":0,"23":0,"24":0,"25":0,"26":0,"27":0,"28":0,"29":0,"30":0,"31":0,"32":0,"33":0},"f":{"0":0,"1":0,"2":0,"3":0,"4":0,"5":0,"6":0,"7":0},"b":{"0":[0,0],"1":[0,0],"2":[0,0],"3":[0,0,0,0],"4":[0,0,0,0],"5":[0,0],"6":[0,0]}}
,"/Users/supercomputer/Documents/Projects/Fleetbo/SnapTask01/src/app/CameraScreen.js": {"path":"/Users/supercomputer/Documents/Projects/Fleetbo/SnapTask01/src/app/CameraScreen.js","statementMap":{"0":{"start":{"line":20,"column":26},"end":{"line":20,"column":50}},"1":{"start":{"line":22,"column":21},"end":{"line":253,"column":1}},"2":{"start":{"line":23,"column":21},"end":{"line":23,"column":36}},"3":{"start":{"line":24,"column":16},"end":{"line":24,"column":26}},"4":{"start":{"line":25,"column":20},"end":{"line":25,"column":32}},"5":{"start":{"line":26,"column":44},"end":{"line":26,"column":58}},"6":{"start":{"line":27,"column":38},"end":{"line":27,"column":74}},"7":{"start":{"line":28,"column":40},"end":{"line":28,"column":55}},"8":{"start":{"line":29,"column":44},"end":{"line":29,"column":58}},"9":{"start":{"line":30,"column":40},"end":{"line":30,"column":55}},"10":{"start":{"line":31,"column":36},"end":{"line":31,"column":76}},"11":{"start":{"line":32,"column":25},"end":{"line":32,"column":62}},"12":{"start":{"line":34,"column":26},"end":{"line":34,"column":55}},"13":{"start":{"line":36,"column":2},"end":{"line":63,"column":9}},"14":{"start":{"line":37,"column":4},"end":{"line":37,"column":48}},"15":{"start":{"line":38,"column":4},"end":{"line":38,"column":59}},"16":{"start":{"line":39,"column":4},"end":{"line":39,"column":63}},"17":{"start":{"line":40,"column":4},"end":{"line":40,"column":70}},"18":{"start":{"line":42,"column":4},"end":{"line":62,"column":9}},"19":{"start":{"line":43,"column":25},"end":{"line":43,"column":69}},"20":{"start":{"line":44,"column":6},"end":{"line":44,"column":45}},"21":{"start":{"line":46,"column":6},"end":{"line":61,"column":7}},"22":{"start":{"line":47,"column":8},"end":{"line":60,"column":10}},"23":{"start":{"line":53,"column":29},"end":{"line":53,"column":48}},"24":{"start":{"line":57,"column":29},"end":{"line":57,"column":48}},"25":{"start":{"line":65,"column":26},"end":{"line":68,"column":3}},"26":{"start":{"line":66,"column":4},"end":{"line":66,"column":53}},"27":{"start":{"line":67,"column":4},"end":{"line":67,"column":24}},"28":{"start":{"line":70,"column":22},"end":{"line":75,"column":3}},"29":{"start":{"line":71,"column":25},"end":{"line":73,"column":38}},"30":{"start":{"line":74,"column":4},"end":{"line":74,"column":31}},"31":{"start":{"line":77,"column":27},"end":{"line":83,"column":3}},"32":{"start":{"line":78,"column":4},"end":{"line":82,"column":6}},"33":{"start":{"line":85,"column":23},"end":{"line":98,"column":3}},"34":{"start":{"line":86,"column":4},"end":{"line":97,"column":15}},"35":{"start":{"line":100,"column":22},"end":{"line":125,"column":3}},"36":{"start":{"line":101,"column":4},"end":{"line":124,"column":5}},"37":{"start":{"line":102,"column":6},"end":{"line":102,"column":27}},"38":{"start":{"line":103,"column":6},"end":{"line":103,"colum
[...]
":{"start":{"line":46,"column":49},"end":{"line":46,"column":98}},"line":46},"7":{"name":"(anonymous_7)","decl":{"start":{"line":66,"column":11},"end":{"line":66,"column":12}},"loc":{"start":{"line":66,"column":17},"end":{"line":66,"column":69}},"line":66},"8":{"name":"(anonymous_8)","decl":{"start":{"line":70,"column":12},"end":{"line":70,"column":13}},"loc":{"start":{"line":70,"column":18},"end":{"line":76,"column":3}},"line":70},"9":{"name":"(anonymous_9)","decl":{"start":{"line":71,"column":37},"end":{"line":71,"column":38}},"loc":{"start":{"line":71,"column":45},"end":{"line":71,"column":100}},"line":71},"10":{"name":"(anonymous_10)","decl":{"start":{"line":78,"column":26},"end":{"line":78,"column":27}},"loc":{"start":{"line":78,"column":36},"end":{"line":88,"column":3}},"line":78},"11":{"name":"(anonymous_11)","decl":{"start":{"line":134,"column":20},"end":{"line":134,"column":21}},"loc":{"start":{"line":134,"column":30},"end":{"line":150,"column":7}},"line":134},"12":{"name":"(anonymous_12)","decl":{"start":{"line":139,"column":21},"end":{"line":139,"column":22}},"loc":{"start":{"line":139,"column":27},"end":{"line":139,"column":48}},"line":139}},"branchMap":{"0":{"loc":{"start":{"line":16,"column":4},"end":{"line":16,"column":57}},"type":"if","locations":[{"start":{"line":16,"column":4},"end":{"line":16,"column":57}},{"start":{},"end":{}}],"line":16},"1":{"loc":{"start":{"line":17,"column":4},"end":{"line":17,"column":57}},"type":"if","locations":[{"start":{"line":17,"column":4},"end":{"line":17,"column":57}},{"start":{},"end":{}}],"line":17},"2":{"loc":{"start":{"line":19,"column":4},"end":{"line":19,"column":36}},"type":"if","locations":[{"start":{"line":19,"column":4},"end":{"line":19,"column":36}},{"start":{},"end":{}}],"line":19},"3":{"loc":{"start":{"line":28,"column":4},"end":{"line":31,"column":5}},"type":"if","locations":[{"start":{"line":28,"column":4},"end":{"line":31,"column":5}},{"start":{},"end":{}}],"line":28},"4":{"loc":{"start":{"line":29,"column":47},"end":{"line":29,"column":102}},"type":"binary-expr","locations":[{"start":{"line":29,"column":47},"end":{"line":29,"column":61}},{"start":{"line":29,"column":65},"end":{"line":29,"column":102}}],"line":29},"5":{"loc":{"start":{"line":30,"column":6},"end":{"line":30,"column":43}},"type":"if","locations":[{"start":{"line":30,"column":6},"end":{"line":30,"column":43}},{"start":{},"end":{}}],"line":30},"6":{"loc":{"start":{"line":34,"column":11},"end":{"line":34,"column":29}},"type":"binary-expr","locations":[{"start":{"line":34,"column":11},"end":{"line":34,"column":19}},{"start":{"line":34,"column":23},"end":{"line":34,"column":29}}],"line":34},"7":{"loc":{"start":{"line":41,"column":6},"end":{"line":41,"column":30}},"type":"if","locations":[{"start":{"line":41,"column":6},"end":{"line":41,"column":30}},{"start":{},"end":{}}],"line":41},"8":{"loc":{"start":{"line":45,"column":6},"end":{"line":52,"column":7}},"type":"if","locations":[{"start":{"line":45,"column":6},"end":{"line":52,"column":7}},{"start":{},"end":{}}],"line":45},"9":{"loc":{"start":{"line":46,"column":49},"end":{"line":46,"column":98}},"type":"binary-expr","locations":[{"start":{"line":46,"column":49},"end":{"line":46,"column":63}},{"start":{"line":46,"column":67},"end":{"line":46,"column":98}}],"line":46},"10":{"loc":{"start":{"line":47,"column":8},"end":{"line":51,"column":9}},"type":"if","locations":[{"start":{"line":47,"column":8},"end":{"line":51,"column":9}},{"start":{},"end":{}}],"line":47},"11":{"loc":{"start":{"line":54,"column":6},"end":{"line":57,"column":7}},"type":"if","locations":[{"start":{"line":54,"column":6},"end":{"line":57,"column":7}},{"start":{},"end":{}}],"line":54},"12":{"loc":{"start":{"line":62,"column":4},"end":{"line":64,"column":5}},"type":"if","locations":[{"start":{"line":62,"column":4},"end":{"line":64,"column":5}},{"start":{},"end":{}}],"line":62},"13":{"loc":{"start":{"line":71,"column":45},"end":{"line":71,"column":100}},"type":"binary-expr","locations":[{"start":{"line":71,"column":45},"end":{"line":71,"column":59}},{"start":{"line":71,"column":63},"end":{"line":71,"column":100}}],"line":71},"14":{"loc":{"start":{"line":72,"column":4},"end":{"line":75,"column":5}},"type":"if","locations":[{"start":{"line":72,"column":4},"end":{"line":75,"column":5}},{"start":{},"end":{}}],"line":72},"15":{"loc":{"start":{"line":83,"column":4},"end":{"line":87,"column":5}},"type":"if","locations":[{"start":{"line":83,"column":4},"end":{"line":87,"column":5}},{"start":{"line":85,"column":11},"end":{"line":87,"column":5}}],"line":83},"16":{"loc":{"start":{"line":104,"column":10},"end":{"line":106,"column":59}},"type":"cond-expr","locations":[{"start":{"line":105,"column":10},"end":{"line":105,"column":59}},{"start":{"line":106,"column":10},"end":{"line":106,"column":59}}],"line":104},"17":{"loc":{"start":{"line":142,"column":18},"end":{"line":142,"column":53}},"type":"cond-expr","locations":[{"start":{"line":142,"column":29},"end":{"line":142,"column":48}},{"start":{"line":142,"column":51},"end":{"line":142,"column":53}}],"line":142}},"s":{"0":0,"1":0,"2":0,"3":0,"4":0,"5":0,"6":0,"7":0,"8":0,"9":0,"10":0,"11":0,"12":0,"13":0,"14":0,"15":0,"16":0,"17":0,"18":0,"19":0,"20":0,"21":0,"22":0,"23":0,"24":0,"25":0,"26":0,"27":0,"28":0,"29":0,"30":0,"31":0,"32":0,"33":0,"34":0,"35":0,"36":0,"37":0,"38":0,"39":0,"40":0,"41":0,"42":0,"43":0,"44":0,"45":0,"46":0,"47":0,"48":0,"49":0,"50":0,"51":0,"52":0,"53":0,"54":0,"55":0,"56":0,"57":0,"58":0,"59":0,"60":0},"f":{"0":0,"1":0,"2":0,"3":0,"4":0,"5":0,"6":0,"7":0,"8":0,"9":0,"10":0,"11":0,"12":0},"b":{"0":[0,0],"1":[0,0],"2":[0,0],"3":[0,0],"4":[0,0],"5":[0,0],"6":[0,0],"7":[0,0],"8":[0,0],"9":[0,0],"10":[0,0],"11":[0,0],"12":[0,0],"13":[0,0],"14":[0,0],"15":[0,0],"16":[0,0],"17":[0,0]}}
,"/Users/supercomputer/Documents/Projects/Fleetbo/SnapTask01/src/app/tabs/Tab1.jsx": {"path":"/Users/supercomputer/Documents/Projects/Fleetbo/SnapTask01/src/app/tabs/Tab1.jsx","statementMap":{"0":{"start":{"line":3,"column":13},"end":{"line":5,"column":1}},"1":{"start":{"line":4,"column":4},"end":{"line":4,"column":24}}},"fnMap":{"0":{"name":"(anonymous_0)","decl":{"start":{"line":3,"column":13},"end":{"line":3,"column":14}},"loc":{"start":{"line":3,"column":19},"end":{"line":5,"column":1}},"line":3}},"branchMap":{},"s":{"0":0,"1":0},"f":{"0":0},"b":{}}
,"/Users/supercomputer/Documents/Projects/Fleetbo/SnapTask01/src/app/tabs/Tab2.jsx": {"path":"/Users/supercomputer/Documents/Projects/Fleetbo/SnapTask01/src/app/tabs/Tab2.jsx","statementMap":{"0":{"start":{"line":4,"column":19},"end":{"line":10,"column":1}},"1":{"start":{"line":5,"column":4},"end":{"line":9,"column":6}},"2":{"start":{"line":12,"column":13},"end":{"line":30,"column":1}},"3":{"start":{"line":13,"column":26},"end":{"line":19,"column":5}},"4":{"start":{"line":14,"column":8},"end":{"line":18,"column":10}},"5":{"start":{"line":21,"column":4},"end":{"line":29,"column":6}}},"fnMap":{"0":{"name":"(anonymous_0)","decl":{"start":{"line":4,"column":19},"end":{"line":4,"column":20}},"loc":{"start":{"line":4,"column":25},"end":{"line":10,"column":1}},"line":4},"1":{"name":"(anonymous_1)","decl":{"start":{"line":12,"column":13},"end":{"line":12,"column":14}},"loc":{"start":{"line":12,"column":19},"end":{"line":30,"column":1}},"line":12},"2":{"name":"(anonymous_2)","decl":{"start":{"line":13,"column":26},"end":{"line":13,"column":27}},"loc":{"start":{"line":13,"column":32},"end":{"line":19,"column":5}},"line":13}},"branchMap":{},"s":{"0":0,"1":0,"2":0,"3":0,"4":0,"5":0},"f":{"0":0,"1":0,"2":0},"b":{}}
,"/Users/supercomputer/Documents/Projects/Fleetbo/SnapTask01/src/app/tabs/Tab3.jsx": {"path":"/Users/supercomputer/Documents/Projects/Fleetbo/SnapTask01/src/app/tabs/Tab3.jsx","statementMap":{"0":{"start":{"line":6,"column":19},"end":{"line":12,"column":1}},"1":{"start":{"line":7,"column":4},"end":{"line":11,"column":6}},"2":{"start":{"line":14,"column":13},"end":{"line":154,"column":1}},"3":{"start":{"line":15,"column":44},"end":{"line":15,"column":58}},"4":{"start":{"line":16,"column":44},"end":{"line":16,"column":58}},"5":{"start":{"line":17,"column":44},"end":{"line":17,"column":58}},"6":{"start":{"line":18,"column":44},"end":{"line":18,"column":59}},"7":{"start":{"line":19,"column":44},"end":{"line":19,"column":59}},"8":{"start":{"line":20,"column":44},"end":{"line":20,"column":51}},"9":{"start":{"line":23,"column":4},"end":{"line":23,"column":57}},"10":{"start":{"line":26,"column":26},"end":{"line":51,"column":10}},"11":{"start":{"line":27,"column":8},"end":{"line":27,"column":27}},"12":{"start":{"line":28,"column":8},"end":{"line":28,"column":23}},"13":{"start":{"line":29,"column":8},"end":{"line":29,"column":29}},"14":{"start":{"line":31,"column":8},"end":{"line":50,"column":9}},"15":{"start":{"line":32,"column":29},"end":{"line":32,"column":73}},"16":{"start":{"line":33,"column":12},"end":{"line":44,"column":13}},"17":{"start":{"line":34,"column":29},"end":{"line":34,"column":42}},"18":{"start":{"line":35,"column":16},"end":{"line":39,"column":19}},"19":{"start":{"line":40,"column":19},"end":{"line":44,"column":13}},"20":{"start":{"line":41,"column":16},"end":{"line":41,"column":36}},"21":{"start":{"line":43,"column":16},"end":{"line":43,"column":71}},"22":{"start":{"line":46,"column":12},"end":{"line":46,"column":55}},"23":{"start":{"line":47,"column":12},"end":{"line":47,"column":42}},"24":{"start":{"line":49,"column":12},"end":{"line":49,"column":32}},"25":{"start":{"line":53,"column":4},"end":{"line":55,"column":24}},"26":{"start":{"line":54,"column":8},"end":{"line":54,"column":24}},"27":{"start":{"line":57,"column":25},"end":{"line":61,"column":5}},"28":{"start":{"line":58,"column":8},"end":{"line":58,"column":33}},"29":{"start":{"line":58,"column":26},"end":{"line":58,"column":33}},"30":{"start":{"line":59,"column":8},"end":{"line":59,"column":30}},"31":{"start":{"line":60,"column":8},"end":{"line":60,"column":25}},"32":{"start":{"line":64,"column":25},"end":{"line":76,"column":5}},"33":{"start":{"line":65,"column":8},"end":{"line":75,"column":17}},"34":{"start":{"line":78,"column":26},"end":{"line":139,"column":5}},"35":{"start":{"line":79,"column":8},"end":{"line":87,"column":9}},"36":{"start":{"line":80,"column":12},"end":{"line":86,"column":14}},"37":{"start":{"line":89,"column":8},"end":{"line":106,"column":9}},"38":{"start":{"line":90,"column":12},"end":{"line":105,"column":14}},"39":{"start":{"line":100,"column":43},"end":{"line":100,"column":70}},"40":{"start":{"line":108,"column":8},"end":{"line":137,"column":9}},"41":{"start":{"line":109,"column":12},"end":{"line":136,"column":14}},"42":{"start":{"line":138,"column":8},"end":{"line":138,"column":20}},"43":{"start":{"line":141,"column":4},"end":{"line":143,"column":5}},"44":{"start":{"line":142,"column":8},"end":{"line":142,"column":26}},"45":{"start":{"line":145,"column":4},"end":{"line":153,"column":6}}},"fnMap":{"0":{"name":"(anonymous_0)","decl":{"start":{"line":6,"column":19},"end":{"line":6,"column":20}},"loc":{"start":{"line":6,"column":25},"end":{"line":12,"column":1}},"line":6},"1":{"name":"(anonymous_1)","decl":{"start":{"line":14,"column":13},"end":{"line":14,"column":14}},"loc":{"start":{"line":14,"column":19},"end":{"line":154,"column":1}},"line":14},"2":{"name":"(anonymous_2)","decl":{"start":{"line":26,"column":38},"end":{"line":26,"column":39}},"loc":{"start":{"line":26,"column":50},"end":{"line":51,"column":5}},"line":26},"3":{"name":"(anonymous_3)","decl":{"start":{"line":53,"column":14},"end":{"line":53,"column":15}},"loc":{"start":{"line":53,"column":20},"end":{"line":55,"column":5}},"line":53},"4":{"name":"(anonymous_4)","decl":{"start":{"line":57,"column":25},"end":{"line":57,"column":26}},"loc":{"start":{"line":57,"column":31},"end":{"line":61,"column":5}},"line":57},"5":{"name":"(anonymous_5)","decl":{"start":{"line":64,"column":25},"end":{"line":64,"column":26}},"loc":{"start":{"line":65,"column":8},"end":{"line":75,"column":17}},"line":65},"6":{"name":"(anonymous_6)","decl":{"start":{"line":78,"column":26},"end":{"line":78,"column":27}},"loc":{"start":{"line":78,"column":32},"end":{"line":139,"column":5}},"line":78},"7":{"name":"(anonymous_7)","decl":{"start":{"line":100,"column":37},"end":{"line":100,"column":38}},"loc":{"start":{"line":100,"column":43},"end":{"line":100,"column":70}},"line":100}},"branchMap":{"0":{"loc":{"start":{"line":33,"column":12},"end":{"line":44,"column":13}},"type":"if","locations":[{"start":{"line":33,"column":12},"end":{"line":44,"column":13}},{"start":{"line":40,"column":19},"end":{"line":44,"column":13}}],"line":33},"1":{"loc":{"start":{"line":33,"column":16},"end":{"line":33,"column":49}},"type":"binary-expr","locations":[{"start":{"line":33,"column":16},"end":{"line":33,"column":32}},{"start":{"line":33,"column":36},"end":{"line":33,"column":49}}],"line":33},"2":{"loc":{"start":{"line":36,"column":30},"end":{"line":36,"column":66}},"type":"binary-expr","locations":[{"start":{"line":36,"column":30},"end":{"line":36,"column":43}},{"start":{"line":36,"column":47},"end":{"line":36,"column":56}},{"start":{"line":36,"column":60},"end":{"line":36,"column":66}}],"line":36},"3":{"loc":{"start":{"line":37,"column":33},"end":{"line":37,"column":77}},"type":"binary-expr","locations":[{"start":{"line":37,"column":33},"end":{"line":37,"column":49}},{"start":{"line":37,"column":53},"end":{"line":37,"column":63}},{"start":{"line":37,"column":67},"end":{"line":37,"column":77}}],"line":37},"4":{"loc":{"start":{"line":38,"column":53},"end":{"line":38,"column":87}},"type":"binary-expr","locations":[{"start":{"line":38,"column":53},"end":{"line":38,"column":69}},{"start":{"line":38,"column":73},"end":{"line":38,"column":87}}],"line":38},"5":{"loc":{"start":{"line":40,"column":19},"end":{"line":44,"column":13}},"type":"if","locations":[{"start":{"line":40,"column":19},"end":{"line":44,"column":13}},{"start":{"line":42,"column":19},"end":{"line":44,"column":13}}],"line":40},"6":{"loc":{"start":{"line":43,"column":25},"end":{"line":43,"column":69}},"type":"binary-expr","locations":[{"start":{"line":43,"column":25},"end":{"line":43,"column":41}},{"start":{"line":43,"column":45},"end":{"line":43,"column":69}}],"line":43},"7":{"loc":{"start":{"line":58,"column":8},"end":{"line":58,"column":33}},"type":"if","locations":[{"start":{"line":58,"column":8},"end":{"line":58,"column":33}},{"start":{},"end":{}}],"line":58},"8":{"loc":{"start":{"line":70,"column":13},"end":{"line":74,"column":13}},"type":"cond-expr","locations":[{"start":{"line":71,"column":16},"end":{"line":71,"column":83}},{"start":{"line":73,"column":16},"end":{"line":73,"column":66}}],"line":70},"9":{"loc":{"start":{"line":79,"column":8},"end":{"line":87,"column":9}},"type":"if","locations":[{"start":{"line":79,"column":8},"end":{"line":87,"column":9}},{"start":{},"end":{}}],"line":79},"10":{"loc":{"start":{"line":89,"column":8},"end":{"line":106,"column":9}},"type":"if","locations":[{"start":{"line":89,"column":8},"end":{"line":106,"column":9}},{"start":{},"end":{}}],"line":89},"11":{"loc":{"start":{"line":108,"column":8},"end":{"line":137,"column":9}},"type":"if","locations":[{"start":{"line":108,"column":8},"end":{"line":137,"column":9}},{"start":{},"end":{}}],"line":108},"12":{"loc":{"start":{"line":141,"column":4},"end":{"line":143,"column":5}},"type":"if","locations":[{"start":{"line":141,"column":4},"end":{"line":143,"column":5}},{"start":{},"end":{}}],"line":141}},"s":{"0":0,"1":0,"2":0,"3":0,"4":0,"5":0,"6":0,"7":0,"8":0,"9":0,"10":0,"11":0,"12":0,"13":0,"14":0,"15":0,"16":0,"17":0,"18":0,"19":0,"20":0,"21":0,"22":0,"23":0,"24":0,"25":0,"26":0,"27":0,"28":0,"29":0,"30":0,"31":0,"32":0,"33":0,"34":0,"35":0,"36":0,"37":0,"38":0,"39":0,"40":0,"41":0,"42":0,"43":0,"44":0,"45":0},"f":{"0":0,"1":0,"2":0,"3":0,"4":0,"5":0,"6":0,"7":0},"b":{"0":[0,0],"1":[0,0],"2":[0,0,0],"3":[0,0,0],"4":[0,0],"5":[0,0],"6":[0,0],"7":[0,0],"8":[0,0],"9":[0,0],"10":[0,0],"11":[0,0],"12":[0,0]}}
,"/Users/supercomputer/Documents/Projects/Fleetbo/SnapTask01/src/utils/NavigationHelper.js": {"path":"/Users/supercomputer/Documents/Projects/Fleetbo/SnapTask01/src/utils/NavigationHelper.js","statementMap":{"0":{"start":{"line":4,"column":32},"end":{"line":71,"column":1}},"1":{"start":{"line":7,"column":4},"end":{"line":11,"column":5}},"2":{"start":{"line":8,"column":6},"end":{"line":8,"column":23}},"3":{"start":{"line":10,"column":6},"end":{"line":10,"column":64}},"4":{"start":{"line":16,"column":4},"end":{"line":20,"column":5}},"5":{"start":{"line":17,"column":6},"end":{"line":17,"column":35}},"6":{"start":{"line":19,"column":6},"end":{"line":19,"column":60}},"7":{"start":{"line":25,"column":4},"end":{"line":29,"column":5}},"8":{"start":{"line":26,"column":6},"end":{"line":26,"column":37}},"9":{"start":{"line":28,"column":6},"end":{"line":28,"column":62}},"10":{"start":{"line":34,"column":4},"end":{"line":38,"column":5}},"11":{"start":{"line":35,"column":6},"end":{"line":35,"column":47}},"12":{"start":{"line":37,"column":6},"end":{"line":37,"column":62}},"13":{"start":{"line":43,"column":4},"end":{"line":47,"column":5}},"14":{"start":{"line":44,"column":6},"end":{"line":44,"column":34}},"15":{"start":{"line":46,"column":6},"end":{"line":46,"column":58}},"16":{"start":{"line":52,"column":4},"end":{"line":56,"column":5}},"17":{"start":{"line":53,"column":6},"end":{"line":53,"column":21}},"18":{"start":{"line":55,"column":6},"end":{"line":55,"column":55}},"19":{"start":{"line":61,"column":4},"end":{"line":69,"column":5}},"20":{"start":{"line":62,"column":6},"end":{"line":66,"column":9}},"21":{"start":{"line":63,"column":8},"end":{"line":65,"column":9}},"22":{"start":{"line":64,"column":10},"end":{"line":64,"column":34}},"23":{"start":{"line":68,"column":6},"end":{"line":68,"column":57}}},"fnMap":{"0":{"name":"(anonymous_0)","decl":{"start":{"line":6,"column":20},"end":{"line":6,"column":21}},"loc":{"start":{"line":6,"column":26},"end":{"line":12,"column":3}},"line":6},"1":{"name":"(anonymous_1)","decl":{"start":{"line":15,"column":16},"end":{"line":15,"column":17}},"loc":{"start":{"line":15,"column":22},"end":{"line":21,"column":3}},"line":15},"2":{"name":"(anonymous_2)","decl":{"start":{"line":24,"column":18},"end":{"line":24,"column":19}},"loc":{"start":{"line":24,"column":24},"end":{"line":30,"column":3}},"line":24},"3":{"name":"(anonymous_3)","decl":{"start":{"line":33,"column":18},"end":{"line":33,"column":19}},"loc":{"start":{"line":33,"column":30},"end":{"line":39,"column":3}},"line":33},"4":{"name":"(anonymous_4)","decl":{"start":{"line":42,"column":15},"end":{"line":42,"column":16}},"loc":{"start":{"line":42,"column":21},"end":{"line":48,"column":3}},"line":42},"5":{"name":"(anonymous_5)","decl":{"start":{"line":51,"column":10},"end":{"line":51,"column":11}},"loc":{"start":{"line":51,"column":16},"end":{"line":57,"column":3}},"line":51},"6":{"name":"(anonymous_6)","decl":{"start":{"line":60,"column":14},"end":{"line":60,"column":15}},"loc":{"start":{"line":60,"column":35},"end":{"line":70,"column":3}},"line":60},"7":{"name":"(anonymous_7)","decl":{"start":{"line":62,"column":51},"end":{"line":62,"column":52}},"loc":{"start":{"line":62,"column":61},"end":{"line":66,"column":7}},"line":62}},"branchMap":{"0":{"loc":{"start":{"line":63,"column":8},"end":{"line":65,"column":9}},"type":"if","locations":[{"start":{"line":63,"column":8},"end":{"line":65,"column":9}},{"start":{},"end":{}}],"line":63},"1":{"loc":{"start":{"line":63,"column":12},"end":{"line":63,"column":51}},"type":"binary-expr","locations":[{"start":{"line":63,"column":12},"end":{"line":63,"column":18}},{"start":{"line":63,"column":22},"end":{"line":63,"column":32}},{"start":{"line":63,"column":36},"end":{"line":63,"column":51}}],"line":63}},"s":{"0":0,"1":0,"2":0,"3":0,"4":0,"5":0,"6":0,"7":0,"8":0,"9":0,"10":0,"11":0,"12":0,"13":0,"14":0,"15":0,"16":0,"17":0,"18":0,"19":0,"20":0,"21":0,"22":0,"23":0},"f":{"0":0,"1":0,"2":0,"3":0,"4":0,"5":0,"6":0,"7":0},"b":{"0":[0,0],"1":[0,0,0]}}
}
